Discrepancy Report Results

Summary
FATAL: MISSING_PROTEIN_ID:109 proteins have invalid IDs.
DISC_SOURCE_QUALS_ASNDISC:strain (all present, all unique)
DISC_SOURCE_QUALS_ASNDISC:taxname (all present, all unique)
DISC_FEATURE_COUNT:CDS: 109 present
DISC_COUNT_NUCLEOTIDES:1 nucleotide Bioseqs are present
FEATURE_LOCATION_CONFLICT:109 features have inconsistent gene locations.
OVERLAPPING_CDS:2 coding regions overlap another coding region with a similar or identical name.
SUSPECT_PRODUCT_NAMES:1 product_names contain suspect phrase or characters
	Use short product name instead of descriptive phrase
		1 features Is longer than 100 characters. Remove descriptive phrases or synonyms from product names. Keep valid long product names, eg long enzyme names
DISC_QUALITY_SCORES:Quality scores are missing on all sequences.
ONCALLER_COMMENT_PRESENT:1 comment descriptors were found (all same)
SHORT_PROT_SEQUENCES:3 protein sequences are shorter than 50 aa.
MISSING_GENOMEASSEMBLY_COMMENTS:1 bioseqs are missing GenomeAssembly structured comments
MOLTYPE_NOT_MRNA:1 molecule types are not set as mRNA.
TECHNIQUE_NOT_TSA:1 technique are not set as TSA
MISSING_STRUCTURED_COMMENT:1 sequences do not include structured comments.
MISSING_PROJECT:110 sequences do not include project.
DISC_INCONSISTENT_MOLINFO_TECH:Molinfo Technique Report (some missing, all same)


Detailed Report

FATAL: DiscRep_ALL:MISSING_PROTEIN_ID::109 proteins have invalid IDs.
batch2_21032019_ENT1079_Ctg2_len_91643_depth_2.11x_circ_blaNDM-1_prokka_out/batch2_21032019_ENT1079_Ctg2_len_91643_depth_2.11x_circ_blaNDM-1:batch2_21032019_ENT1079_Ctg2_len_916> (length 351)
batch2_21032019_ENT1079_Ctg2_len_91643_depth_2.11x_circ_blaNDM-1_prokka_out/batch2_21032019_ENT1079_Ctg2_len_91643_depth_2.11x_circ_blaNDM-1:batch2_21032019_ENT1079_Ctg2_len_916> (length 286)
batch2_21032019_ENT1079_Ctg2_len_91643_depth_2.11x_circ_blaNDM-1_prokka_out/batch2_21032019_ENT1079_Ctg2_len_91643_depth_2.11x_circ_blaNDM-1:batch2_21032019_ENT1079_Ctg2_len_916> (length 456)
batch2_21032019_ENT1079_Ctg2_len_91643_depth_2.11x_circ_blaNDM-1_prokka_out/batch2_21032019_ENT1079_Ctg2_len_91643_depth_2.11x_circ_blaNDM-1:batch2_21032019_ENT1079_Ctg2_len_916> (length 378)
batch2_21032019_ENT1079_Ctg2_len_91643_depth_2.11x_circ_blaNDM-1_prokka_out/batch2_21032019_ENT1079_Ctg2_len_91643_depth_2.11x_circ_blaNDM-1:batch2_21032019_ENT1079_Ctg2_len_916> (length 75)
batch2_21032019_ENT1079_Ctg2_len_91643_depth_2.11x_circ_blaNDM-1_prokka_out/batch2_21032019_ENT1079_Ctg2_len_91643_depth_2.11x_circ_blaNDM-1:batch2_21032019_ENT1079_Ctg2_len_916> (length 180)
batch2_21032019_ENT1079_Ctg2_len_91643_depth_2.11x_circ_blaNDM-1_prokka_out/batch2_21032019_ENT1079_Ctg2_len_91643_depth_2.11x_circ_blaNDM-1:batch2_21032019_ENT1079_Ctg2_len_916> (length 286)
batch2_21032019_ENT1079_Ctg2_len_91643_depth_2.11x_circ_blaNDM-1_prokka_out/batch2_21032019_ENT1079_Ctg2_len_91643_depth_2.11x_circ_blaNDM-1:batch2_21032019_ENT1079_Ctg2_len_916> (length 234)
batch2_21032019_ENT1079_Ctg2_len_91643_depth_2.11x_circ_blaNDM-1_prokka_out/batch2_21032019_ENT1079_Ctg2_len_91643_depth_2.11x_circ_blaNDM-1:batch2_21032019_ENT1079_Ctg2_len_916> (length 194)
batch2_21032019_ENT1079_Ctg2_len_91643_depth_2.11x_circ_blaNDM-1_prokka_out/batch2_21032019_ENT1079_Ctg2_len_91643_depth_2.11x_circ_blaNDM-1:batch2_21032019_ENT1079_Ctg2_len_916> (length 52)
batch2_21032019_ENT1079_Ctg2_len_91643_depth_2.11x_circ_blaNDM-1_prokka_out/batch2_21032019_ENT1079_Ctg2_len_91643_depth_2.11x_circ_blaNDM-1:batch2_21032019_ENT1079_Ctg2_len_916> (length 114)
batch2_21032019_ENT1079_Ctg2_len_91643_depth_2.11x_circ_blaNDM-1_prokka_out/batch2_21032019_ENT1079_Ctg2_len_91643_depth_2.11x_circ_blaNDM-1:batch2_21032019_ENT1079_Ctg2_len_916> (length 424)
batch2_21032019_ENT1079_Ctg2_len_91643_depth_2.11x_circ_blaNDM-1_prokka_out/batch2_21032019_ENT1079_Ctg2_len_91643_depth_2.11x_circ_blaNDM-1:batch2_21032019_ENT1079_Ctg2_len_916> (length 90)
batch2_21032019_ENT1079_Ctg2_len_91643_depth_2.11x_circ_blaNDM-1_prokka_out/batch2_21032019_ENT1079_Ctg2_len_91643_depth_2.11x_circ_blaNDM-1:batch2_21032019_ENT1079_Ctg2_len_916> (length 227)
batch2_21032019_ENT1079_Ctg2_len_91643_depth_2.11x_circ_blaNDM-1_prokka_out/batch2_21032019_ENT1079_Ctg2_len_91643_depth_2.11x_circ_blaNDM-1:batch2_21032019_ENT1079_Ctg2_len_916> (length 72)
batch2_21032019_ENT1079_Ctg2_len_91643_depth_2.11x_circ_blaNDM-1_prokka_out/batch2_21032019_ENT1079_Ctg2_len_91643_depth_2.11x_circ_blaNDM-1:batch2_21032019_ENT1079_Ctg2_len_916> (length 69)
batch2_21032019_ENT1079_Ctg2_len_91643_depth_2.11x_circ_blaNDM-1_prokka_out/batch2_21032019_ENT1079_Ctg2_len_91643_depth_2.11x_circ_blaNDM-1:batch2_21032019_ENT1079_Ctg2_len_916> (length 212)
batch2_21032019_ENT1079_Ctg2_len_91643_depth_2.11x_circ_blaNDM-1_prokka_out/batch2_21032019_ENT1079_Ctg2_len_91643_depth_2.11x_circ_blaNDM-1:batch2_21032019_ENT1079_Ctg2_len_916> (length 106)
batch2_21032019_ENT1079_Ctg2_len_91643_depth_2.11x_circ_blaNDM-1_prokka_out/batch2_21032019_ENT1079_Ctg2_len_91643_depth_2.11x_circ_blaNDM-1:batch2_21032019_ENT1079_Ctg2_len_916> (length 282)
batch2_21032019_ENT1079_Ctg2_len_91643_depth_2.11x_circ_blaNDM-1_prokka_out/batch2_21032019_ENT1079_Ctg2_len_91643_depth_2.11x_circ_blaNDM-1:batch2_21032019_ENT1079_Ctg2_len_916> (length 434)
batch2_21032019_ENT1079_Ctg2_len_91643_depth_2.11x_circ_blaNDM-1_prokka_out/batch2_21032019_ENT1079_Ctg2_len_91643_depth_2.11x_circ_blaNDM-1:batch2_21032019_ENT1079_Ctg2_len_916> (length 144)
batch2_21032019_ENT1079_Ctg2_len_91643_depth_2.11x_circ_blaNDM-1_prokka_out/batch2_21032019_ENT1079_Ctg2_len_91643_depth_2.11x_circ_blaNDM-1:batch2_21032019_ENT1079_Ctg2_len_916> (length 494)
batch2_21032019_ENT1079_Ctg2_len_91643_depth_2.11x_circ_blaNDM-1_prokka_out/batch2_21032019_ENT1079_Ctg2_len_91643_depth_2.11x_circ_blaNDM-1:batch2_21032019_ENT1079_Ctg2_len_916> (length 110)
batch2_21032019_ENT1079_Ctg2_len_91643_depth_2.11x_circ_blaNDM-1_prokka_out/batch2_21032019_ENT1079_Ctg2_len_91643_depth_2.11x_circ_blaNDM-1:batch2_21032019_ENT1079_Ctg2_len_916> (length 85)
batch2_21032019_ENT1079_Ctg2_len_91643_depth_2.11x_circ_blaNDM-1_prokka_out/batch2_21032019_ENT1079_Ctg2_len_91643_depth_2.11x_circ_blaNDM-1:batch2_21032019_ENT1079_Ctg2_len_916> (length 217)
batch2_21032019_ENT1079_Ctg2_len_91643_depth_2.11x_circ_blaNDM-1_prokka_out/batch2_21032019_ENT1079_Ctg2_len_91643_depth_2.11x_circ_blaNDM-1:batch2_21032019_ENT1079_Ctg2_len_916> (length 116)
batch2_21032019_ENT1079_Ctg2_len_91643_depth_2.11x_circ_blaNDM-1_prokka_out/batch2_21032019_ENT1079_Ctg2_len_91643_depth_2.11x_circ_blaNDM-1:batch2_21032019_ENT1079_Ctg2_len_916> (length 131)
batch2_21032019_ENT1079_Ctg2_len_91643_depth_2.11x_circ_blaNDM-1_prokka_out/batch2_21032019_ENT1079_Ctg2_len_91643_depth_2.11x_circ_blaNDM-1:batch2_21032019_ENT1079_Ctg2_len_916> (length 435)
batch2_21032019_ENT1079_Ctg2_len_91643_depth_2.11x_circ_blaNDM-1_prokka_out/batch2_21032019_ENT1079_Ctg2_len_91643_depth_2.11x_circ_blaNDM-1:batch2_21032019_ENT1079_Ctg2_len_916> (length 316)
batch2_21032019_ENT1079_Ctg2_len_91643_depth_2.11x_circ_blaNDM-1_prokka_out/batch2_21032019_ENT1079_Ctg2_len_91643_depth_2.11x_circ_blaNDM-1:batch2_21032019_ENT1079_Ctg2_len_916> (length 695)
batch2_21032019_ENT1079_Ctg2_len_91643_depth_2.11x_circ_blaNDM-1_prokka_out/batch2_21032019_ENT1079_Ctg2_len_91643_depth_2.11x_circ_blaNDM-1:batch2_21032019_ENT1079_Ctg2_len_916> (length 169)
batch2_21032019_ENT1079_Ctg2_len_91643_depth_2.11x_circ_blaNDM-1_prokka_out/batch2_21032019_ENT1079_Ctg2_len_91643_depth_2.11x_circ_blaNDM-1:batch2_21032019_ENT1079_Ctg2_len_916> (length 687)
batch2_21032019_ENT1079_Ctg2_len_91643_depth_2.11x_circ_blaNDM-1_prokka_out/batch2_21032019_ENT1079_Ctg2_len_91643_depth_2.11x_circ_blaNDM-1:batch2_21032019_ENT1079_Ctg2_len_916> (length 234)
batch2_21032019_ENT1079_Ctg2_len_91643_depth_2.11x_circ_blaNDM-1_prokka_out/batch2_21032019_ENT1079_Ctg2_len_91643_depth_2.11x_circ_blaNDM-1:batch2_21032019_ENT1079_Ctg2_len_916> (length 255)
batch2_21032019_ENT1079_Ctg2_len_91643_depth_2.11x_circ_blaNDM-1_prokka_out/batch2_21032019_ENT1079_Ctg2_len_91643_depth_2.11x_circ_blaNDM-1:batch2_21032019_ENT1079_Ctg2_len_916> (length 180)
batch2_21032019_ENT1079_Ctg2_len_91643_depth_2.11x_circ_blaNDM-1_prokka_out/batch2_21032019_ENT1079_Ctg2_len_91643_depth_2.11x_circ_blaNDM-1:batch2_21032019_ENT1079_Ctg2_len_916> (length 210)
batch2_21032019_ENT1079_Ctg2_len_91643_depth_2.11x_circ_blaNDM-1_prokka_out/batch2_21032019_ENT1079_Ctg2_len_91643_depth_2.11x_circ_blaNDM-1:batch2_21032019_ENT1079_Ctg2_len_916> (length 467)
batch2_21032019_ENT1079_Ctg2_len_91643_depth_2.11x_circ_blaNDM-1_prokka_out/batch2_21032019_ENT1079_Ctg2_len_91643_depth_2.11x_circ_blaNDM-1:batch2_21032019_ENT1079_Ctg2_len_916> (length 294)
batch2_21032019_ENT1079_Ctg2_len_91643_depth_2.11x_circ_blaNDM-1_prokka_out/batch2_21032019_ENT1079_Ctg2_len_91643_depth_2.11x_circ_blaNDM-1:batch2_21032019_ENT1079_Ctg2_len_916> (length 491)
batch2_21032019_ENT1079_Ctg2_len_91643_depth_2.11x_circ_blaNDM-1_prokka_out/batch2_21032019_ENT1079_Ctg2_len_91643_depth_2.11x_circ_blaNDM-1:batch2_21032019_ENT1079_Ctg2_len_916> (length 391)
batch2_21032019_ENT1079_Ctg2_len_91643_depth_2.11x_circ_blaNDM-1_prokka_out/batch2_21032019_ENT1079_Ctg2_len_91643_depth_2.11x_circ_blaNDM-1:batch2_21032019_ENT1079_Ctg2_len_916> (length 61)
batch2_21032019_ENT1079_Ctg2_len_91643_depth_2.11x_circ_blaNDM-1_prokka_out/batch2_21032019_ENT1079_Ctg2_len_91643_depth_2.11x_circ_blaNDM-1:batch2_21032019_ENT1079_Ctg2_len_916> (length 257)
batch2_21032019_ENT1079_Ctg2_len_91643_depth_2.11x_circ_blaNDM-1_prokka_out/batch2_21032019_ENT1079_Ctg2_len_91643_depth_2.11x_circ_blaNDM-1:batch2_21032019_ENT1079_Ctg2_len_916> (length 30)
batch2_21032019_ENT1079_Ctg2_len_91643_depth_2.11x_circ_blaNDM-1_prokka_out/batch2_21032019_ENT1079_Ctg2_len_91643_depth_2.11x_circ_blaNDM-1:batch2_21032019_ENT1079_Ctg2_len_916> (length 278)
batch2_21032019_ENT1079_Ctg2_len_91643_depth_2.11x_circ_blaNDM-1_prokka_out/batch2_21032019_ENT1079_Ctg2_len_91643_depth_2.11x_circ_blaNDM-1:batch2_21032019_ENT1079_Ctg2_len_916> (length 513)
batch2_21032019_ENT1079_Ctg2_len_91643_depth_2.11x_circ_blaNDM-1_prokka_out/batch2_21032019_ENT1079_Ctg2_len_91643_depth_2.11x_circ_blaNDM-1:batch2_21032019_ENT1079_Ctg2_len_916> (length 279)
batch2_21032019_ENT1079_Ctg2_len_91643_depth_2.11x_circ_blaNDM-1_prokka_out/batch2_21032019_ENT1079_Ctg2_len_91643_depth_2.11x_circ_blaNDM-1:batch2_21032019_ENT1079_Ctg2_len_916> (length 160)
batch2_21032019_ENT1079_Ctg2_len_91643_depth_2.11x_circ_blaNDM-1_prokka_out/batch2_21032019_ENT1079_Ctg2_len_91643_depth_2.11x_circ_blaNDM-1:batch2_21032019_ENT1079_Ctg2_len_916> (length 291)
batch2_21032019_ENT1079_Ctg2_len_91643_depth_2.11x_circ_blaNDM-1_prokka_out/batch2_21032019_ENT1079_Ctg2_len_91643_depth_2.11x_circ_blaNDM-1:batch2_21032019_ENT1079_Ctg2_len_916> (length 338)
batch2_21032019_ENT1079_Ctg2_len_91643_depth_2.11x_circ_blaNDM-1_prokka_out/batch2_21032019_ENT1079_Ctg2_len_91643_depth_2.11x_circ_blaNDM-1:batch2_21032019_ENT1079_Ctg2_len_916> (length 86)
batch2_21032019_ENT1079_Ctg2_len_91643_depth_2.11x_circ_blaNDM-1_prokka_out/batch2_21032019_ENT1079_Ctg2_len_91643_depth_2.11x_circ_blaNDM-1:batch2_21032019_ENT1079_Ctg2_len_916> (length 270)
batch2_21032019_ENT1079_Ctg2_len_91643_depth_2.11x_circ_blaNDM-1_prokka_out/batch2_21032019_ENT1079_Ctg2_len_91643_depth_2.11x_circ_blaNDM-1:batch2_21032019_ENT1079_Ctg2_len_916> (length 234)
batch2_21032019_ENT1079_Ctg2_len_91643_depth_2.11x_circ_blaNDM-1_prokka_out/batch2_21032019_ENT1079_Ctg2_len_91643_depth_2.11x_circ_blaNDM-1:batch2_21032019_ENT1079_Ctg2_len_916> (length 158)
batch2_21032019_ENT1079_Ctg2_len_91643_depth_2.11x_circ_blaNDM-1_prokka_out/batch2_21032019_ENT1079_Ctg2_len_91643_depth_2.11x_circ_blaNDM-1:batch2_21032019_ENT1079_Ctg2_len_916> (length 153)
batch2_21032019_ENT1079_Ctg2_len_91643_depth_2.11x_circ_blaNDM-1_prokka_out/batch2_21032019_ENT1079_Ctg2_len_91643_depth_2.11x_circ_blaNDM-1:batch2_21032019_ENT1079_Ctg2_len_916> (length 82)
batch2_21032019_ENT1079_Ctg2_len_91643_depth_2.11x_circ_blaNDM-1_prokka_out/batch2_21032019_ENT1079_Ctg2_len_91643_depth_2.11x_circ_blaNDM-1:batch2_21032019_ENT1079_Ctg2_len_916> (length 195)
batch2_21032019_ENT1079_Ctg2_len_91643_depth_2.11x_circ_blaNDM-1_prokka_out/batch2_21032019_ENT1079_Ctg2_len_91643_depth_2.11x_circ_blaNDM-1:batch2_21032019_ENT1079_Ctg2_len_916> (length 161)
batch2_21032019_ENT1079_Ctg2_len_91643_depth_2.11x_circ_blaNDM-1_prokka_out/batch2_21032019_ENT1079_Ctg2_len_91643_depth_2.11x_circ_blaNDM-1:batch2_21032019_ENT1079_Ctg2_len_916> (length 82)
batch2_21032019_ENT1079_Ctg2_len_91643_depth_2.11x_circ_blaNDM-1_prokka_out/batch2_21032019_ENT1079_Ctg2_len_91643_depth_2.11x_circ_blaNDM-1:batch2_21032019_ENT1079_Ctg2_len_916> (length 246)
batch2_21032019_ENT1079_Ctg2_len_91643_depth_2.11x_circ_blaNDM-1_prokka_out/batch2_21032019_ENT1079_Ctg2_len_91643_depth_2.11x_circ_blaNDM-1:batch2_21032019_ENT1079_Ctg2_len_916> (length 324)
batch2_21032019_ENT1079_Ctg2_len_91643_depth_2.11x_circ_blaNDM-1_prokka_out/batch2_21032019_ENT1079_Ctg2_len_91643_depth_2.11x_circ_blaNDM-1:batch2_21032019_ENT1079_Ctg2_len_916> (length 147)
batch2_21032019_ENT1079_Ctg2_len_91643_depth_2.11x_circ_blaNDM-1_prokka_out/batch2_21032019_ENT1079_Ctg2_len_91643_depth_2.11x_circ_blaNDM-1:batch2_21032019_ENT1079_Ctg2_len_916> (length 187)
batch2_21032019_ENT1079_Ctg2_len_91643_depth_2.11x_circ_blaNDM-1_prokka_out/batch2_21032019_ENT1079_Ctg2_len_91643_depth_2.11x_circ_blaNDM-1:batch2_21032019_ENT1079_Ctg2_len_916> (length 168)
batch2_21032019_ENT1079_Ctg2_len_91643_depth_2.11x_circ_blaNDM-1_prokka_out/batch2_21032019_ENT1079_Ctg2_len_91643_depth_2.11x_circ_blaNDM-1:batch2_21032019_ENT1079_Ctg2_len_916> (length 159)
batch2_21032019_ENT1079_Ctg2_len_91643_depth_2.11x_circ_blaNDM-1_prokka_out/batch2_21032019_ENT1079_Ctg2_len_91643_depth_2.11x_circ_blaNDM-1:batch2_21032019_ENT1079_Ctg2_len_916> (length 136)
batch2_21032019_ENT1079_Ctg2_len_91643_depth_2.11x_circ_blaNDM-1_prokka_out/batch2_21032019_ENT1079_Ctg2_len_91643_depth_2.11x_circ_blaNDM-1:batch2_21032019_ENT1079_Ctg2_len_916> (length 87)
batch2_21032019_ENT1079_Ctg2_len_91643_depth_2.11x_circ_blaNDM-1_prokka_out/batch2_21032019_ENT1079_Ctg2_len_91643_depth_2.11x_circ_blaNDM-1:batch2_21032019_ENT1079_Ctg2_len_916> (length 120)
batch2_21032019_ENT1079_Ctg2_len_91643_depth_2.11x_circ_blaNDM-1_prokka_out/batch2_21032019_ENT1079_Ctg2_len_91643_depth_2.11x_circ_blaNDM-1:batch2_21032019_ENT1079_Ctg2_len_916> (length 149)
batch2_21032019_ENT1079_Ctg2_len_91643_depth_2.11x_circ_blaNDM-1_prokka_out/batch2_21032019_ENT1079_Ctg2_len_91643_depth_2.11x_circ_blaNDM-1:batch2_21032019_ENT1079_Ctg2_len_916> (length 88)
batch2_21032019_ENT1079_Ctg2_len_91643_depth_2.11x_circ_blaNDM-1_prokka_out/batch2_21032019_ENT1079_Ctg2_len_91643_depth_2.11x_circ_blaNDM-1:batch2_21032019_ENT1079_Ctg2_len_916> (length 427)
batch2_21032019_ENT1079_Ctg2_len_91643_depth_2.11x_circ_blaNDM-1_prokka_out/batch2_21032019_ENT1079_Ctg2_len_91643_depth_2.11x_circ_blaNDM-1:batch2_21032019_ENT1079_Ctg2_len_916> (length 59)
batch2_21032019_ENT1079_Ctg2_len_91643_depth_2.11x_circ_blaNDM-1_prokka_out/batch2_21032019_ENT1079_Ctg2_len_91643_depth_2.11x_circ_blaNDM-1:batch2_21032019_ENT1079_Ctg2_len_916> (length 286)
batch2_21032019_ENT1079_Ctg2_len_91643_depth_2.11x_circ_blaNDM-1_prokka_out/batch2_21032019_ENT1079_Ctg2_len_91643_depth_2.11x_circ_blaNDM-1:batch2_21032019_ENT1079_Ctg2_len_916> (length 112)
batch2_21032019_ENT1079_Ctg2_len_91643_depth_2.11x_circ_blaNDM-1_prokka_out/batch2_21032019_ENT1079_Ctg2_len_91643_depth_2.11x_circ_blaNDM-1:batch2_21032019_ENT1079_Ctg2_len_916> (length 76)
batch2_21032019_ENT1079_Ctg2_len_91643_depth_2.11x_circ_blaNDM-1_prokka_out/batch2_21032019_ENT1079_Ctg2_len_91643_depth_2.11x_circ_blaNDM-1:batch2_21032019_ENT1079_Ctg2_len_916> (length 37)
batch2_21032019_ENT1079_Ctg2_len_91643_depth_2.11x_circ_blaNDM-1_prokka_out/batch2_21032019_ENT1079_Ctg2_len_91643_depth_2.11x_circ_blaNDM-1:batch2_21032019_ENT1079_Ctg2_len_916> (length 71)
batch2_21032019_ENT1079_Ctg2_len_91643_depth_2.11x_circ_blaNDM-1_prokka_out/batch2_21032019_ENT1079_Ctg2_len_91643_depth_2.11x_circ_blaNDM-1:batch2_21032019_ENT1079_Ctg2_len_916> (length 136)
batch2_21032019_ENT1079_Ctg2_len_91643_depth_2.11x_circ_blaNDM-1_prokka_out/batch2_21032019_ENT1079_Ctg2_len_91643_depth_2.11x_circ_blaNDM-1:batch2_21032019_ENT1079_Ctg2_len_916> (length 101)
batch2_21032019_ENT1079_Ctg2_len_91643_depth_2.11x_circ_blaNDM-1_prokka_out/batch2_21032019_ENT1079_Ctg2_len_91643_depth_2.11x_circ_blaNDM-1:batch2_21032019_ENT1079_Ctg2_len_916> (length 146)
batch2_21032019_ENT1079_Ctg2_len_91643_depth_2.11x_circ_blaNDM-1_prokka_out/batch2_21032019_ENT1079_Ctg2_len_91643_depth_2.11x_circ_blaNDM-1:batch2_21032019_ENT1079_Ctg2_len_916> (length 94)
batch2_21032019_ENT1079_Ctg2_len_91643_depth_2.11x_circ_blaNDM-1_prokka_out/batch2_21032019_ENT1079_Ctg2_len_91643_depth_2.11x_circ_blaNDM-1:batch2_21032019_ENT1079_Ctg2_len_916> (length 73)
batch2_21032019_ENT1079_Ctg2_len_91643_depth_2.11x_circ_blaNDM-1_prokka_out/batch2_21032019_ENT1079_Ctg2_len_91643_depth_2.11x_circ_blaNDM-1:batch2_21032019_ENT1079_Ctg2_len_916> (length 144)
batch2_21032019_ENT1079_Ctg2_len_91643_depth_2.11x_circ_blaNDM-1_prokka_out/batch2_21032019_ENT1079_Ctg2_len_91643_depth_2.11x_circ_blaNDM-1:batch2_21032019_ENT1079_Ctg2_len_916> (length 103)
batch2_21032019_ENT1079_Ctg2_len_91643_depth_2.11x_circ_blaNDM-1_prokka_out/batch2_21032019_ENT1079_Ctg2_len_91643_depth_2.11x_circ_blaNDM-1:batch2_21032019_ENT1079_Ctg2_len_916> (length 178)
batch2_21032019_ENT1079_Ctg2_len_91643_depth_2.11x_circ_blaNDM-1_prokka_out/batch2_21032019_ENT1079_Ctg2_len_91643_depth_2.11x_circ_blaNDM-1:batch2_21032019_ENT1079_Ctg2_len_916> (length 46)
batch2_21032019_ENT1079_Ctg2_len_91643_depth_2.11x_circ_blaNDM-1_prokka_out/batch2_21032019_ENT1079_Ctg2_len_91643_depth_2.11x_circ_blaNDM-1:batch2_21032019_ENT1079_Ctg2_len_916> (length 121)
batch2_21032019_ENT1079_Ctg2_len_91643_depth_2.11x_circ_blaNDM-1_prokka_out/batch2_21032019_ENT1079_Ctg2_len_91643_depth_2.11x_circ_blaNDM-1:batch2_21032019_ENT1079_Ctg2_len_916> (length 105)
batch2_21032019_ENT1079_Ctg2_len_91643_depth_2.11x_circ_blaNDM-1_prokka_out/batch2_21032019_ENT1079_Ctg2_len_91643_depth_2.11x_circ_blaNDM-1:batch2_21032019_ENT1079_Ctg2_len_916> (length 659)
batch2_21032019_ENT1079_Ctg2_len_91643_depth_2.11x_circ_blaNDM-1_prokka_out/batch2_21032019_ENT1079_Ctg2_len_91643_depth_2.11x_circ_blaNDM-1:batch2_21032019_ENT1079_Ctg2_len_916> (length 166)
batch2_21032019_ENT1079_Ctg2_len_91643_depth_2.11x_circ_blaNDM-1_prokka_out/batch2_21032019_ENT1079_Ctg2_len_91643_depth_2.11x_circ_blaNDM-1:batch2_21032019_ENT1079_Ctg2_len_916> (length 259)
batch2_21032019_ENT1079_Ctg2_len_91643_depth_2.11x_circ_blaNDM-1_prokka_out/batch2_21032019_ENT1079_Ctg2_len_91643_depth_2.11x_circ_blaNDM-1:batch2_21032019_ENT1079_Ctg2_len_916> (length 387)
batch2_21032019_ENT1079_Ctg2_len_91643_depth_2.11x_circ_blaNDM-1_prokka_out/batch2_21032019_ENT1079_Ctg2_len_91643_depth_2.11x_circ_blaNDM-1:batch2_21032019_ENT1079_Ctg2_len_916> (length 86)
batch2_21032019_ENT1079_Ctg2_len_91643_depth_2.11x_circ_blaNDM-1_prokka_out/batch2_21032019_ENT1079_Ctg2_len_91643_depth_2.11x_circ_blaNDM-1:batch2_21032019_ENT1079_Ctg2_len_916> (length 1175)
batch2_21032019_ENT1079_Ctg2_len_91643_depth_2.11x_circ_blaNDM-1_prokka_out/batch2_21032019_ENT1079_Ctg2_len_91643_depth_2.11x_circ_blaNDM-1:batch2_21032019_ENT1079_Ctg2_len_916> (length 170)
batch2_21032019_ENT1079_Ctg2_len_91643_depth_2.11x_circ_blaNDM-1_prokka_out/batch2_21032019_ENT1079_Ctg2_len_91643_depth_2.11x_circ_blaNDM-1:batch2_21032019_ENT1079_Ctg2_len_916> (length 65)
batch2_21032019_ENT1079_Ctg2_len_91643_depth_2.11x_circ_blaNDM-1_prokka_out/batch2_21032019_ENT1079_Ctg2_len_91643_depth_2.11x_circ_blaNDM-1:batch2_21032019_ENT1079_Ctg2_len_916> (length 136)
batch2_21032019_ENT1079_Ctg2_len_91643_depth_2.11x_circ_blaNDM-1_prokka_out/batch2_21032019_ENT1079_Ctg2_len_91643_depth_2.11x_circ_blaNDM-1:batch2_21032019_ENT1079_Ctg2_len_916> (length 237)
batch2_21032019_ENT1079_Ctg2_len_91643_depth_2.11x_circ_blaNDM-1_prokka_out/batch2_21032019_ENT1079_Ctg2_len_91643_depth_2.11x_circ_blaNDM-1:batch2_21032019_ENT1079_Ctg2_len_916> (length 383)
batch2_21032019_ENT1079_Ctg2_len_91643_depth_2.11x_circ_blaNDM-1_prokka_out/batch2_21032019_ENT1079_Ctg2_len_91643_depth_2.11x_circ_blaNDM-1:batch2_21032019_ENT1079_Ctg2_len_916> (length 449)
batch2_21032019_ENT1079_Ctg2_len_91643_depth_2.11x_circ_blaNDM-1_prokka_out/batch2_21032019_ENT1079_Ctg2_len_91643_depth_2.11x_circ_blaNDM-1:batch2_21032019_ENT1079_Ctg2_len_916> (length 234)
batch2_21032019_ENT1079_Ctg2_len_91643_depth_2.11x_circ_blaNDM-1_prokka_out/batch2_21032019_ENT1079_Ctg2_len_91643_depth_2.11x_circ_blaNDM-1:batch2_21032019_ENT1079_Ctg2_len_916> (length 176)
batch2_21032019_ENT1079_Ctg2_len_91643_depth_2.11x_circ_blaNDM-1_prokka_out/batch2_21032019_ENT1079_Ctg2_len_91643_depth_2.11x_circ_blaNDM-1:batch2_21032019_ENT1079_Ctg2_len_916> (length 129)
batch2_21032019_ENT1079_Ctg2_len_91643_depth_2.11x_circ_blaNDM-1_prokka_out/batch2_21032019_ENT1079_Ctg2_len_91643_depth_2.11x_circ_blaNDM-1:batch2_21032019_ENT1079_Ctg2_len_916> (length 164)
batch2_21032019_ENT1079_Ctg2_len_91643_depth_2.11x_circ_blaNDM-1_prokka_out/batch2_21032019_ENT1079_Ctg2_len_91643_depth_2.11x_circ_blaNDM-1:batch2_21032019_ENT1079_Ctg2_len_916> (length 1016)
batch2_21032019_ENT1079_Ctg2_len_91643_depth_2.11x_circ_blaNDM-1_prokka_out/batch2_21032019_ENT1079_Ctg2_len_91643_depth_2.11x_circ_blaNDM-1:batch2_21032019_ENT1079_Ctg2_len_916> (length 402)
batch2_21032019_ENT1079_Ctg2_len_91643_depth_2.11x_circ_blaNDM-1_prokka_out/batch2_21032019_ENT1079_Ctg2_len_91643_depth_2.11x_circ_blaNDM-1:batch2_21032019_ENT1079_Ctg2_len_916> (length 216)
batch2_21032019_ENT1079_Ctg2_len_91643_depth_2.11x_circ_blaNDM-1_prokka_out/batch2_21032019_ENT1079_Ctg2_len_91643_depth_2.11x_circ_blaNDM-1:batch2_21032019_ENT1079_Ctg2_len_916> (length 726)
batch2_21032019_ENT1079_Ctg2_len_91643_depth_2.11x_circ_blaNDM-1_prokka_out/batch2_21032019_ENT1079_Ctg2_len_91643_depth_2.11x_circ_blaNDM-1:batch2_21032019_ENT1079_Ctg2_len_916> (length 217)
batch2_21032019_ENT1079_Ctg2_len_91643_depth_2.11x_circ_blaNDM-1_prokka_out/batch2_21032019_ENT1079_Ctg2_len_91643_depth_2.11x_circ_blaNDM-1:batch2_21032019_ENT1079_Ctg2_len_916> (length 76)

DiscRep_ALL:DISC_SOURCE_QUALS_ASNDISC::strain (all present, all unique)
DiscRep_SUB:DISC_SOURCE_QUALS_ASNDISC::1 sources have unique values for strain
DiscRep_ALL:DISC_SOURCE_QUALS_ASNDISC::taxname (all present, all unique)
DiscRep_SUB:DISC_SOURCE_QUALS_ASNDISC::1 sources have unique values for taxname
DiscRep_ALL:DISC_FEATURE_COUNT::CDS: 109 present
DiscRep_ALL:DISC_COUNT_NUCLEOTIDES::1 nucleotide Bioseqs are present
batch2_21032019_ENT1079_Ctg2_len_91643_depth_2.11x_circ_blaNDM-1_prokka_out/batch2_21032019_ENT1079_Ctg2_len_91643_depth_2.11x_circ_blaNDM-1:batch2_21032019_ENT1079_Ctg2_len_916> (length 91643)

DiscRep_ALL:FEATURE_LOCATION_CONFLICT::109 features have inconsistent gene locations.
DiscRep_SUB:FEATURE_LOCATION_CONFLICT::Coding region xref gene does not exist
batch2_21032019_ENT1079_Ctg2_len_91643_depth_2.11x_circ_blaNDM-1_prokka_out/batch2_21032019_ENT1079_Ctg2_len_91643_depth_2.11x_circ_blaNDM-1:CDS	replication protein RepA	batch2_21032019_ENT1079_Ctg2_len_91643_depth_2.11x_circ_blaNDM-1:1-1056	MKOEDHEA_00001

DiscRep_SUB:FEATURE_LOCATION_CONFLICT::Coding region xref gene does not exist
batch2_21032019_ENT1079_Ctg2_len_91643_depth_2.11x_circ_blaNDM-1_prokka_out/batch2_21032019_ENT1079_Ctg2_len_91643_depth_2.11x_circ_blaNDM-1:CDS	class A broad-spectrum beta-lactamase TEM-1	batch2_21032019_ENT1079_Ctg2_len_91643_depth_2.11x_circ_blaNDM-1:c2920-2060	MKOEDHEA_00002

DiscRep_SUB:FEATURE_LOCATION_CONFLICT::Coding region xref gene does not exist
batch2_21032019_ENT1079_Ctg2_len_91643_depth_2.11x_circ_blaNDM-1_prokka_out/batch2_21032019_ENT1079_Ctg2_len_91643_depth_2.11x_circ_blaNDM-1:CDS	transposase	batch2_21032019_ENT1079_Ctg2_len_91643_depth_2.11x_circ_blaNDM-1:c5111-3741	MKOEDHEA_00003

DiscRep_SUB:FEATURE_LOCATION_CONFLICT::Coding region xref gene does not exist
batch2_21032019_ENT1079_Ctg2_len_91643_depth_2.11x_circ_blaNDM-1_prokka_out/batch2_21032019_ENT1079_Ctg2_len_91643_depth_2.11x_circ_blaNDM-1:CDS	hypothetical protein	batch2_21032019_ENT1079_Ctg2_len_91643_depth_2.11x_circ_blaNDM-1:c6362-5226	MKOEDHEA_00004

DiscRep_SUB:FEATURE_LOCATION_CONFLICT::Coding region xref gene does not exist
batch2_21032019_ENT1079_Ctg2_len_91643_depth_2.11x_circ_blaNDM-1_prokka_out/batch2_21032019_ENT1079_Ctg2_len_91643_depth_2.11x_circ_blaNDM-1:CDS	hypothetical protein	batch2_21032019_ENT1079_Ctg2_len_91643_depth_2.11x_circ_blaNDM-1:c6640-6413	MKOEDHEA_00005

DiscRep_SUB:FEATURE_LOCATION_CONFLICT::Coding region xref gene does not exist
batch2_21032019_ENT1079_Ctg2_len_91643_depth_2.11x_circ_blaNDM-1_prokka_out/batch2_21032019_ENT1079_Ctg2_len_91643_depth_2.11x_circ_blaNDM-1:CDS	tunicamycin resistance protein	batch2_21032019_ENT1079_Ctg2_len_91643_depth_2.11x_circ_blaNDM-1:c7879-7337	MKOEDHEA_00006

DiscRep_SUB:FEATURE_LOCATION_CONFLICT::Coding region xref gene does not exist
batch2_21032019_ENT1079_Ctg2_len_91643_depth_2.11x_circ_blaNDM-1_prokka_out/batch2_21032019_ENT1079_Ctg2_len_91643_depth_2.11x_circ_blaNDM-1:CDS	aminoglycoside 3-N-acetyltransferase	batch2_21032019_ENT1079_Ctg2_len_91643_depth_2.11x_circ_blaNDM-1:c8752-7892	MKOEDHEA_00007

DiscRep_SUB:FEATURE_LOCATION_CONFLICT::Coding region xref gene does not exist
batch2_21032019_ENT1079_Ctg2_len_91643_depth_2.11x_circ_blaNDM-1_prokka_out/batch2_21032019_ENT1079_Ctg2_len_91643_depth_2.11x_circ_blaNDM-1:CDS	IS6 family transposase	batch2_21032019_ENT1079_Ctg2_len_91643_depth_2.11x_circ_blaNDM-1:8985-9689	MKOEDHEA_00008

DiscRep_SUB:FEATURE_LOCATION_CONFLICT::Coding region xref gene does not exist
batch2_21032019_ENT1079_Ctg2_len_91643_depth_2.11x_circ_blaNDM-1_prokka_out/batch2_21032019_ENT1079_Ctg2_len_91643_depth_2.11x_circ_blaNDM-1:CDS	hypothetical protein	batch2_21032019_ENT1079_Ctg2_len_91643_depth_2.11x_circ_blaNDM-1:c10735-10151	MKOEDHEA_00009

DiscRep_SUB:FEATURE_LOCATION_CONFLICT::Coding region xref gene does not exist
batch2_21032019_ENT1079_Ctg2_len_91643_depth_2.11x_circ_blaNDM-1_prokka_out/batch2_21032019_ENT1079_Ctg2_len_91643_depth_2.11x_circ_blaNDM-1:CDS	hypothetical protein	batch2_21032019_ENT1079_Ctg2_len_91643_depth_2.11x_circ_blaNDM-1:c10893-10735	MKOEDHEA_00010

DiscRep_SUB:FEATURE_LOCATION_CONFLICT::Coding region xref gene does not exist
batch2_21032019_ENT1079_Ctg2_len_91643_depth_2.11x_circ_blaNDM-1_prokka_out/batch2_21032019_ENT1079_Ctg2_len_91643_depth_2.11x_circ_blaNDM-1:CDS	hypothetical protein	batch2_21032019_ENT1079_Ctg2_len_91643_depth_2.11x_circ_blaNDM-1:c11262-10918	MKOEDHEA_00011

DiscRep_SUB:FEATURE_LOCATION_CONFLICT::Coding region xref gene does not exist
batch2_21032019_ENT1079_Ctg2_len_91643_depth_2.11x_circ_blaNDM-1_prokka_out/batch2_21032019_ENT1079_Ctg2_len_91643_depth_2.11x_circ_blaNDM-1:CDS	type II toxin-antitoxin system RelB/DinJ family antitoxin	batch2_21032019_ENT1079_Ctg2_len_91643_depth_2.11x_circ_blaNDM-1:11789-13063	MKOEDHEA_00012

DiscRep_SUB:FEATURE_LOCATION_CONFLICT::Coding region xref gene does not exist
batch2_21032019_ENT1079_Ctg2_len_91643_depth_2.11x_circ_blaNDM-1_prokka_out/batch2_21032019_ENT1079_Ctg2_len_91643_depth_2.11x_circ_blaNDM-1:CDS	helix-turn-helix transcriptional regulator	batch2_21032019_ENT1079_Ctg2_len_91643_depth_2.11x_circ_blaNDM-1:13081-13353	MKOEDHEA_00013

DiscRep_SUB:FEATURE_LOCATION_CONFLICT::Coding region xref gene does not exist
batch2_21032019_ENT1079_Ctg2_len_91643_depth_2.11x_circ_blaNDM-1_prokka_out/batch2_21032019_ENT1079_Ctg2_len_91643_depth_2.11x_circ_blaNDM-1:CDS	tgtA5 cluster protein 2	batch2_21032019_ENT1079_Ctg2_len_91643_depth_2.11x_circ_blaNDM-1:13350-14033	MKOEDHEA_00014

DiscRep_SUB:FEATURE_LOCATION_CONFLICT::Coding region xref gene does not exist
batch2_21032019_ENT1079_Ctg2_len_91643_depth_2.11x_circ_blaNDM-1_prokka_out/batch2_21032019_ENT1079_Ctg2_len_91643_depth_2.11x_circ_blaNDM-1:CDS	hypothetical protein	batch2_21032019_ENT1079_Ctg2_len_91643_depth_2.11x_circ_blaNDM-1:14078-14296	MKOEDHEA_00015

DiscRep_SUB:FEATURE_LOCATION_CONFLICT::Coding region xref gene does not exist
batch2_21032019_ENT1079_Ctg2_len_91643_depth_2.11x_circ_blaNDM-1_prokka_out/batch2_21032019_ENT1079_Ctg2_len_91643_depth_2.11x_circ_blaNDM-1:CDS	hypothetical protein	batch2_21032019_ENT1079_Ctg2_len_91643_depth_2.11x_circ_blaNDM-1:14299-14508	MKOEDHEA_00016

DiscRep_SUB:FEATURE_LOCATION_CONFLICT::Coding region xref gene does not exist
batch2_21032019_ENT1079_Ctg2_len_91643_depth_2.11x_circ_blaNDM-1_prokka_out/batch2_21032019_ENT1079_Ctg2_len_91643_depth_2.11x_circ_blaNDM-1:CDS	hypothetical protein	batch2_21032019_ENT1079_Ctg2_len_91643_depth_2.11x_circ_blaNDM-1:14577-15215	MKOEDHEA_00017

DiscRep_SUB:FEATURE_LOCATION_CONFLICT::Coding region xref gene does not exist
batch2_21032019_ENT1079_Ctg2_len_91643_depth_2.11x_circ_blaNDM-1_prokka_out/batch2_21032019_ENT1079_Ctg2_len_91643_depth_2.11x_circ_blaNDM-1:CDS	chromosome segregation protein ParM	batch2_21032019_ENT1079_Ctg2_len_91643_depth_2.11x_circ_blaNDM-1:15360-15680	MKOEDHEA_00018

DiscRep_SUB:FEATURE_LOCATION_CONFLICT::Coding region xref gene does not exist
batch2_21032019_ENT1079_Ctg2_len_91643_depth_2.11x_circ_blaNDM-1_prokka_out/batch2_21032019_ENT1079_Ctg2_len_91643_depth_2.11x_circ_blaNDM-1:CDS	3'-5' exonuclease	batch2_21032019_ENT1079_Ctg2_len_91643_depth_2.11x_circ_blaNDM-1:15683-16531	MKOEDHEA_00019

DiscRep_SUB:FEATURE_LOCATION_CONFLICT::Coding region xref gene does not exist
batch2_21032019_ENT1079_Ctg2_len_91643_depth_2.11x_circ_blaNDM-1_prokka_out/batch2_21032019_ENT1079_Ctg2_len_91643_depth_2.11x_circ_blaNDM-1:CDS	DNA polymerase V subunit UmuC	batch2_21032019_ENT1079_Ctg2_len_91643_depth_2.11x_circ_blaNDM-1:c17858-16554	MKOEDHEA_00020

DiscRep_SUB:FEATURE_LOCATION_CONFLICT::Coding region xref gene does not exist
batch2_21032019_ENT1079_Ctg2_len_91643_depth_2.11x_circ_blaNDM-1_prokka_out/batch2_21032019_ENT1079_Ctg2_len_91643_depth_2.11x_circ_blaNDM-1:CDS	translesion error-prone DNA polymerase V autoproteolytic subunit	batch2_21032019_ENT1079_Ctg2_len_91643_depth_2.11x_circ_blaNDM-1:c18241-17807	MKOEDHEA_00021

DiscRep_SUB:FEATURE_LOCATION_CONFLICT::Coding region xref gene does not exist
batch2_21032019_ENT1079_Ctg2_len_91643_depth_2.11x_circ_blaNDM-1_prokka_out/batch2_21032019_ENT1079_Ctg2_len_91643_depth_2.11x_circ_blaNDM-1:CDS	group II intron reverse transcriptase/maturase	batch2_21032019_ENT1079_Ctg2_len_91643_depth_2.11x_circ_blaNDM-1:c19800-18316	MKOEDHEA_00022

DiscRep_SUB:FEATURE_LOCATION_CONFLICT::Coding region xref gene does not exist
batch2_21032019_ENT1079_Ctg2_len_91643_depth_2.11x_circ_blaNDM-1_prokka_out/batch2_21032019_ENT1079_Ctg2_len_91643_depth_2.11x_circ_blaNDM-1:CDS	plasmid stable inheritance protein	batch2_21032019_ENT1079_Ctg2_len_91643_depth_2.11x_circ_blaNDM-1:c20827-20495	MKOEDHEA_00023

DiscRep_SUB:FEATURE_LOCATION_CONFLICT::Coding region xref gene does not exist
batch2_21032019_ENT1079_Ctg2_len_91643_depth_2.11x_circ_blaNDM-1_prokka_out/batch2_21032019_ENT1079_Ctg2_len_91643_depth_2.11x_circ_blaNDM-1:CDS	type II toxin-antitoxin system antitoxin PemI	batch2_21032019_ENT1079_Ctg2_len_91643_depth_2.11x_circ_blaNDM-1:c21086-20829	MKOEDHEA_00024

DiscRep_SUB:FEATURE_LOCATION_CONFLICT::Coding region xref gene does not exist
batch2_21032019_ENT1079_Ctg2_len_91643_depth_2.11x_circ_blaNDM-1_prokka_out/batch2_21032019_ENT1079_Ctg2_len_91643_depth_2.11x_circ_blaNDM-1:CDS	CPBP family intramembrane metalloprotease	batch2_21032019_ENT1079_Ctg2_len_91643_depth_2.11x_circ_blaNDM-1:c21832-21179	MKOEDHEA_00025

DiscRep_SUB:FEATURE_LOCATION_CONFLICT::Coding region xref gene does not exist
batch2_21032019_ENT1079_Ctg2_len_91643_depth_2.11x_circ_blaNDM-1_prokka_out/batch2_21032019_ENT1079_Ctg2_len_91643_depth_2.11x_circ_blaNDM-1:CDS	hypothetical protein	batch2_21032019_ENT1079_Ctg2_len_91643_depth_2.11x_circ_blaNDM-1:21945-22295	MKOEDHEA_00026

DiscRep_SUB:FEATURE_LOCATION_CONFLICT::Coding region xref gene does not exist
batch2_21032019_ENT1079_Ctg2_len_91643_depth_2.11x_circ_blaNDM-1_prokka_out/batch2_21032019_ENT1079_Ctg2_len_91643_depth_2.11x_circ_blaNDM-1:CDS	lytic transglycosylase domain-containing protein	batch2_21032019_ENT1079_Ctg2_len_91643_depth_2.11x_circ_blaNDM-1:22400-22795	MKOEDHEA_00027

DiscRep_SUB:FEATURE_LOCATION_CONFLICT::Coding region xref gene does not exist
batch2_21032019_ENT1079_Ctg2_len_91643_depth_2.11x_circ_blaNDM-1_prokka_out/batch2_21032019_ENT1079_Ctg2_len_91643_depth_2.11x_circ_blaNDM-1:CDS	conjugal transfer protein	batch2_21032019_ENT1079_Ctg2_len_91643_depth_2.11x_circ_blaNDM-1:22795-24102	MKOEDHEA_00028

DiscRep_SUB:FEATURE_LOCATION_CONFLICT::Coding region xref gene does not exist
batch2_21032019_ENT1079_Ctg2_len_91643_depth_2.11x_circ_blaNDM-1_prokka_out/batch2_21032019_ENT1079_Ctg2_len_91643_depth_2.11x_circ_blaNDM-1:CDS	DsbC family protein	batch2_21032019_ENT1079_Ctg2_len_91643_depth_2.11x_circ_blaNDM-1:24113-25063	MKOEDHEA_00029

DiscRep_SUB:FEATURE_LOCATION_CONFLICT::Coding region xref gene does not exist
batch2_21032019_ENT1079_Ctg2_len_91643_depth_2.11x_circ_blaNDM-1_prokka_out/batch2_21032019_ENT1079_Ctg2_len_91643_depth_2.11x_circ_blaNDM-1:CDS	conjugal transfer protein TrbC	batch2_21032019_ENT1079_Ctg2_len_91643_depth_2.11x_circ_blaNDM-1:25076-27163	MKOEDHEA_00030

DiscRep_SUB:FEATURE_LOCATION_CONFLICT::Coding region xref gene does not exist
batch2_21032019_ENT1079_Ctg2_len_91643_depth_2.11x_circ_blaNDM-1_prokka_out/batch2_21032019_ENT1079_Ctg2_len_91643_depth_2.11x_circ_blaNDM-1:CDS	MucR family transcriptional regulator	batch2_21032019_ENT1079_Ctg2_len_91643_depth_2.11x_circ_blaNDM-1:27211-27720	MKOEDHEA_00031

DiscRep_SUB:FEATURE_LOCATION_CONFLICT::Coding region xref gene does not exist
batch2_21032019_ENT1079_Ctg2_len_91643_depth_2.11x_circ_blaNDM-1_prokka_out/batch2_21032019_ENT1079_Ctg2_len_91643_depth_2.11x_circ_blaNDM-1:CDS	Tn3 family transposase Tn2tnpA	batch2_21032019_ENT1079_Ctg2_len_91643_depth_2.11x_circ_blaNDM-1:c30338-28275	MKOEDHEA_00032

DiscRep_SUB:FEATURE_LOCATION_CONFLICT::Coding region xref gene does not exist
batch2_21032019_ENT1079_Ctg2_len_91643_depth_2.11x_circ_blaNDM-1_prokka_out/batch2_21032019_ENT1079_Ctg2_len_91643_depth_2.11x_circ_blaNDM-1:CDS	transposase	batch2_21032019_ENT1079_Ctg2_len_91643_depth_2.11x_circ_blaNDM-1:c31090-30386	MKOEDHEA_00033

DiscRep_SUB:FEATURE_LOCATION_CONFLICT::Coding region xref gene does not exist
batch2_21032019_ENT1079_Ctg2_len_91643_depth_2.11x_circ_blaNDM-1_prokka_out/batch2_21032019_ENT1079_Ctg2_len_91643_depth_2.11x_circ_blaNDM-1:CDS	repA	batch2_21032019_ENT1079_Ctg2_len_91643_depth_2.11x_circ_blaNDM-1:31141-31908	MKOEDHEA_00034

DiscRep_SUB:FEATURE_LOCATION_CONFLICT::Coding region xref gene does not exist
batch2_21032019_ENT1079_Ctg2_len_91643_depth_2.11x_circ_blaNDM-1_prokka_out/batch2_21032019_ENT1079_Ctg2_len_91643_depth_2.11x_circ_blaNDM-1:CDS	DNA-binding protein	batch2_21032019_ENT1079_Ctg2_len_91643_depth_2.11x_circ_blaNDM-1:31975-32517	MKOEDHEA_00035

DiscRep_SUB:FEATURE_LOCATION_CONFLICT::Coding region xref gene does not exist
batch2_21032019_ENT1079_Ctg2_len_91643_depth_2.11x_circ_blaNDM-1_prokka_out/batch2_21032019_ENT1079_Ctg2_len_91643_depth_2.11x_circ_blaNDM-1:CDS	ISNCY family transposase ISKpn21	batch2_21032019_ENT1079_Ctg2_len_91643_depth_2.11x_circ_blaNDM-1:32853-33485	MKOEDHEA_00036

DiscRep_SUB:FEATURE_LOCATION_CONFLICT::Coding region xref gene does not exist
batch2_21032019_ENT1079_Ctg2_len_91643_depth_2.11x_circ_blaNDM-1_prokka_out/batch2_21032019_ENT1079_Ctg2_len_91643_depth_2.11x_circ_blaNDM-1:CDS	ISNCY-like element ISKpn21 family transposase	batch2_21032019_ENT1079_Ctg2_len_91643_depth_2.11x_circ_blaNDM-1:c34917-33514	MKOEDHEA_00037

DiscRep_SUB:FEATURE_LOCATION_CONFLICT::Coding region xref gene does not exist
batch2_21032019_ENT1079_Ctg2_len_91643_depth_2.11x_circ_blaNDM-1_prokka_out/batch2_21032019_ENT1079_Ctg2_len_91643_depth_2.11x_circ_blaNDM-1:CDS	Mph(E) family macrolide 2'-phosphotransferase	batch2_21032019_ENT1079_Ctg2_len_91643_depth_2.11x_circ_blaNDM-1:c36044-35160	MKOEDHEA_00038

DiscRep_SUB:FEATURE_LOCATION_CONFLICT::Coding region xref gene does not exist
batch2_21032019_ENT1079_Ctg2_len_91643_depth_2.11x_circ_blaNDM-1_prokka_out/batch2_21032019_ENT1079_Ctg2_len_91643_depth_2.11x_circ_blaNDM-1:CDS	ABC-F type ribosomal protection protein Msr(E)	batch2_21032019_ENT1079_Ctg2_len_91643_depth_2.11x_circ_blaNDM-1:c37575-36100	MKOEDHEA_00039

DiscRep_SUB:FEATURE_LOCATION_CONFLICT::Coding region xref gene does not exist
batch2_21032019_ENT1079_Ctg2_len_91643_depth_2.11x_circ_blaNDM-1_prokka_out/batch2_21032019_ENT1079_Ctg2_len_91643_depth_2.11x_circ_blaNDM-1:CDS	IS4 family transposase ISEc29	batch2_21032019_ENT1079_Ctg2_len_91643_depth_2.11x_circ_blaNDM-1:c39149-37974	MKOEDHEA_00040

DiscRep_SUB:FEATURE_LOCATION_CONFLICT::Coding region xref gene does not exist
batch2_21032019_ENT1079_Ctg2_len_91643_depth_2.11x_circ_blaNDM-1_prokka_out/batch2_21032019_ENT1079_Ctg2_len_91643_depth_2.11x_circ_blaNDM-1:CDS	putative permease	batch2_21032019_ENT1079_Ctg2_len_91643_depth_2.11x_circ_blaNDM-1:39207-39392	MKOEDHEA_00041

DiscRep_SUB:FEATURE_LOCATION_CONFLICT::Coding region xref gene does not exist
batch2_21032019_ENT1079_Ctg2_len_91643_depth_2.11x_circ_blaNDM-1_prokka_out/batch2_21032019_ENT1079_Ctg2_len_91643_depth_2.11x_circ_blaNDM-1:CDS	ArmA	batch2_21032019_ENT1079_Ctg2_len_91643_depth_2.11x_circ_blaNDM-1:c40647-39874	MKOEDHEA_00042

DiscRep_SUB:FEATURE_LOCATION_CONFLICT::Coding region xref gene does not exist
batch2_21032019_ENT1079_Ctg2_len_91643_depth_2.11x_circ_blaNDM-1_prokka_out/batch2_21032019_ENT1079_Ctg2_len_91643_depth_2.11x_circ_blaNDM-1:CDS	hypothetical protein	batch2_21032019_ENT1079_Ctg2_len_91643_depth_2.11x_circ_blaNDM-1:c40890-40798	MKOEDHEA_00043

DiscRep_SUB:FEATURE_LOCATION_CONFLICT::Coding region xref gene does not exist
batch2_21032019_ENT1079_Ctg2_len_91643_depth_2.11x_circ_blaNDM-1_prokka_out/batch2_21032019_ENT1079_Ctg2_len_91643_depth_2.11x_circ_blaNDM-1:CDS	IS5 family transposase	batch2_21032019_ENT1079_Ctg2_len_91643_depth_2.11x_circ_blaNDM-1:c41809-40973	MKOEDHEA_00044

DiscRep_SUB:FEATURE_LOCATION_CONFLICT::Coding region xref gene does not exist
batch2_21032019_ENT1079_Ctg2_len_91643_depth_2.11x_circ_blaNDM-1_prokka_out/batch2_21032019_ENT1079_Ctg2_len_91643_depth_2.11x_circ_blaNDM-1:CDS	IS91 family transposase	batch2_21032019_ENT1079_Ctg2_len_91643_depth_2.11x_circ_blaNDM-1:c43587-42046	MKOEDHEA_00045

DiscRep_SUB:FEATURE_LOCATION_CONFLICT::Coding region xref gene does not exist
batch2_21032019_ENT1079_Ctg2_len_91643_depth_2.11x_circ_blaNDM-1_prokka_out/batch2_21032019_ENT1079_Ctg2_len_91643_depth_2.11x_circ_blaNDM-1:CDS	dihydropteroate synthase	batch2_21032019_ENT1079_Ctg2_len_91643_depth_2.11x_circ_blaNDM-1:c44831-43992	MKOEDHEA_00046

DiscRep_SUB:FEATURE_LOCATION_CONFLICT::Coding region xref gene does not exist
batch2_21032019_ENT1079_Ctg2_len_91643_depth_2.11x_circ_blaNDM-1_prokka_out/batch2_21032019_ENT1079_Ctg2_len_91643_depth_2.11x_circ_blaNDM-1:CDS	[NiFe] hydrogenase nickel incorporation protein HybF	batch2_21032019_ENT1079_Ctg2_len_91643_depth_2.11x_circ_blaNDM-1:44936-45418	MKOEDHEA_00047

DiscRep_SUB:FEATURE_LOCATION_CONFLICT::Coding region xref gene does not exist
batch2_21032019_ENT1079_Ctg2_len_91643_depth_2.11x_circ_blaNDM-1_prokka_out/batch2_21032019_ENT1079_Ctg2_len_91643_depth_2.11x_circ_blaNDM-1:CDS	LysR family transcriptional regulator	batch2_21032019_ENT1079_Ctg2_len_91643_depth_2.11x_circ_blaNDM-1:c46297-45422	MKOEDHEA_00048

DiscRep_SUB:FEATURE_LOCATION_CONFLICT::Coding region xref gene does not exist
batch2_21032019_ENT1079_Ctg2_len_91643_depth_2.11x_circ_blaNDM-1_prokka_out/batch2_21032019_ENT1079_Ctg2_len_91643_depth_2.11x_circ_blaNDM-1:CDS	D-aminopeptidase DeltablaDHA-1	batch2_21032019_ENT1079_Ctg2_len_91643_depth_2.11x_circ_blaNDM-1:46408-47424	MKOEDHEA_00049

DiscRep_SUB:FEATURE_LOCATION_CONFLICT::Coding region xref gene does not exist
batch2_21032019_ENT1079_Ctg2_len_91643_depth_2.11x_circ_blaNDM-1_prokka_out/batch2_21032019_ENT1079_Ctg2_len_91643_depth_2.11x_circ_blaNDM-1:CDS	Bleomycin resistance protein	batch2_21032019_ENT1079_Ctg2_len_91643_depth_2.11x_circ_blaNDM-1:c48048-47788	MKOEDHEA_00050

DiscRep_SUB:FEATURE_LOCATION_CONFLICT::Coding region xref gene does not exist
batch2_21032019_ENT1079_Ctg2_len_91643_depth_2.11x_circ_blaNDM-1_prokka_out/batch2_21032019_ENT1079_Ctg2_len_91643_depth_2.11x_circ_blaNDM-1:CDS	Metallo-beta-lactamase NDM-1	batch2_21032019_ENT1079_Ctg2_len_91643_depth_2.11x_circ_blaNDM-1:c48969-48157	MKOEDHEA_00051

DiscRep_SUB:FEATURE_LOCATION_CONFLICT::Coding region xref gene does not exist
batch2_21032019_ENT1079_Ctg2_len_91643_depth_2.11x_circ_blaNDM-1_prokka_out/batch2_21032019_ENT1079_Ctg2_len_91643_depth_2.11x_circ_blaNDM-1:CDS	IS6 family transposase	batch2_21032019_ENT1079_Ctg2_len_91643_depth_2.11x_circ_blaNDM-1:c49982-49278	MKOEDHEA_00052

DiscRep_SUB:FEATURE_LOCATION_CONFLICT::Coding region xref gene does not exist
batch2_21032019_ENT1079_Ctg2_len_91643_depth_2.11x_circ_blaNDM-1_prokka_out/batch2_21032019_ENT1079_Ctg2_len_91643_depth_2.11x_circ_blaNDM-1:CDS	hypothetical protein	batch2_21032019_ENT1079_Ctg2_len_91643_depth_2.11x_circ_blaNDM-1:c50495-50019	MKOEDHEA_00053

DiscRep_SUB:FEATURE_LOCATION_CONFLICT::Coding region xref gene does not exist
batch2_21032019_ENT1079_Ctg2_len_91643_depth_2.11x_circ_blaNDM-1_prokka_out/batch2_21032019_ENT1079_Ctg2_len_91643_depth_2.11x_circ_blaNDM-1:CDS	Asparaginyl-tRNA synthetase	batch2_21032019_ENT1079_Ctg2_len_91643_depth_2.11x_circ_blaNDM-1:50636-51097	MKOEDHEA_00054

DiscRep_SUB:FEATURE_LOCATION_CONFLICT::Coding region xref gene does not exist
batch2_21032019_ENT1079_Ctg2_len_91643_depth_2.11x_circ_blaNDM-1_prokka_out/batch2_21032019_ENT1079_Ctg2_len_91643_depth_2.11x_circ_blaNDM-1:CDS	helix-turn-helix domain-containing protein	batch2_21032019_ENT1079_Ctg2_len_91643_depth_2.11x_circ_blaNDM-1:51094-51342	MKOEDHEA_00055

DiscRep_SUB:FEATURE_LOCATION_CONFLICT::Coding region xref gene does not exist
batch2_21032019_ENT1079_Ctg2_len_91643_depth_2.11x_circ_blaNDM-1_prokka_out/batch2_21032019_ENT1079_Ctg2_len_91643_depth_2.11x_circ_blaNDM-1:CDS	restriction endonuclease	batch2_21032019_ENT1079_Ctg2_len_91643_depth_2.11x_circ_blaNDM-1:51335-51922	MKOEDHEA_00056

DiscRep_SUB:FEATURE_LOCATION_CONFLICT::Coding region xref gene does not exist
batch2_21032019_ENT1079_Ctg2_len_91643_depth_2.11x_circ_blaNDM-1_prokka_out/batch2_21032019_ENT1079_Ctg2_len_91643_depth_2.11x_circ_blaNDM-1:CDS	hypothetical protein	batch2_21032019_ENT1079_Ctg2_len_91643_depth_2.11x_circ_blaNDM-1:51919-52404	MKOEDHEA_00057

DiscRep_SUB:FEATURE_LOCATION_CONFLICT::Coding region xref gene does not exist
batch2_21032019_ENT1079_Ctg2_len_91643_depth_2.11x_circ_blaNDM-1_prokka_out/batch2_21032019_ENT1079_Ctg2_len_91643_depth_2.11x_circ_blaNDM-1:CDS	hypothetical protein	batch2_21032019_ENT1079_Ctg2_len_91643_depth_2.11x_circ_blaNDM-1:52401-52649	MKOEDHEA_00058

DiscRep_SUB:FEATURE_LOCATION_CONFLICT::Coding region xref gene does not exist
batch2_21032019_ENT1079_Ctg2_len_91643_depth_2.11x_circ_blaNDM-1_prokka_out/batch2_21032019_ENT1079_Ctg2_len_91643_depth_2.11x_circ_blaNDM-1:CDS	resolvase	batch2_21032019_ENT1079_Ctg2_len_91643_depth_2.11x_circ_blaNDM-1:52668-53408	MKOEDHEA_00059

DiscRep_SUB:FEATURE_LOCATION_CONFLICT::Coding region xref gene does not exist
batch2_21032019_ENT1079_Ctg2_len_91643_depth_2.11x_circ_blaNDM-1_prokka_out/batch2_21032019_ENT1079_Ctg2_len_91643_depth_2.11x_circ_blaNDM-1:CDS	ParA	batch2_21032019_ENT1079_Ctg2_len_91643_depth_2.11x_circ_blaNDM-1:53649-54623	MKOEDHEA_00060

DiscRep_SUB:FEATURE_LOCATION_CONFLICT::Coding region xref gene does not exist
batch2_21032019_ENT1079_Ctg2_len_91643_depth_2.11x_circ_blaNDM-1_prokka_out/batch2_21032019_ENT1079_Ctg2_len_91643_depth_2.11x_circ_blaNDM-1:CDS	plasmid stability family protein	batch2_21032019_ENT1079_Ctg2_len_91643_depth_2.11x_circ_blaNDM-1:54626-55069	MKOEDHEA_00061

DiscRep_SUB:FEATURE_LOCATION_CONFLICT::Coding region xref gene does not exist
batch2_21032019_ENT1079_Ctg2_len_91643_depth_2.11x_circ_blaNDM-1_prokka_out/batch2_21032019_ENT1079_Ctg2_len_91643_depth_2.11x_circ_blaNDM-1:CDS	phospholipase D family protein	batch2_21032019_ENT1079_Ctg2_len_91643_depth_2.11x_circ_blaNDM-1:55079-55642	MKOEDHEA_00062

DiscRep_SUB:FEATURE_LOCATION_CONFLICT::Coding region xref gene does not exist
batch2_21032019_ENT1079_Ctg2_len_91643_depth_2.11x_circ_blaNDM-1_prokka_out/batch2_21032019_ENT1079_Ctg2_len_91643_depth_2.11x_circ_blaNDM-1:CDS	hypothetical protein	batch2_21032019_ENT1079_Ctg2_len_91643_depth_2.11x_circ_blaNDM-1:55760-56266	MKOEDHEA_00063

DiscRep_SUB:FEATURE_LOCATION_CONFLICT::Coding region xref gene does not exist
batch2_21032019_ENT1079_Ctg2_len_91643_depth_2.11x_circ_blaNDM-1_prokka_out/batch2_21032019_ENT1079_Ctg2_len_91643_depth_2.11x_circ_blaNDM-1:CDS	hypothetical protein	batch2_21032019_ENT1079_Ctg2_len_91643_depth_2.11x_circ_blaNDM-1:56259-56738	MKOEDHEA_00064

DiscRep_SUB:FEATURE_LOCATION_CONFLICT::Coding region xref gene does not exist
batch2_21032019_ENT1079_Ctg2_len_91643_depth_2.11x_circ_blaNDM-1_prokka_out/batch2_21032019_ENT1079_Ctg2_len_91643_depth_2.11x_circ_blaNDM-1:CDS	hypothetical protein	batch2_21032019_ENT1079_Ctg2_len_91643_depth_2.11x_circ_blaNDM-1:56767-57177	MKOEDHEA_00065

DiscRep_SUB:FEATURE_LOCATION_CONFLICT::Coding region xref gene does not exist
batch2_21032019_ENT1079_Ctg2_len_91643_depth_2.11x_circ_blaNDM-1_prokka_out/batch2_21032019_ENT1079_Ctg2_len_91643_depth_2.11x_circ_blaNDM-1:CDS	hypothetical protein	batch2_21032019_ENT1079_Ctg2_len_91643_depth_2.11x_circ_blaNDM-1:57295-57558	MKOEDHEA_00066

DiscRep_SUB:FEATURE_LOCATION_CONFLICT::Coding region xref gene does not exist
batch2_21032019_ENT1079_Ctg2_len_91643_depth_2.11x_circ_blaNDM-1_prokka_out/batch2_21032019_ENT1079_Ctg2_len_91643_depth_2.11x_circ_blaNDM-1:CDS	hypothetical protein	batch2_21032019_ENT1079_Ctg2_len_91643_depth_2.11x_circ_blaNDM-1:57580-57942	MKOEDHEA_00067

DiscRep_SUB:FEATURE_LOCATION_CONFLICT::Coding region xref gene does not exist
batch2_21032019_ENT1079_Ctg2_len_91643_depth_2.11x_circ_blaNDM-1_prokka_out/batch2_21032019_ENT1079_Ctg2_len_91643_depth_2.11x_circ_blaNDM-1:CDS	DNA repair protein RadC	batch2_21032019_ENT1079_Ctg2_len_91643_depth_2.11x_circ_blaNDM-1:58064-58513	MKOEDHEA_00068

DiscRep_SUB:FEATURE_LOCATION_CONFLICT::Coding region xref gene does not exist
batch2_21032019_ENT1079_Ctg2_len_91643_depth_2.11x_circ_blaNDM-1_prokka_out/batch2_21032019_ENT1079_Ctg2_len_91643_depth_2.11x_circ_blaNDM-1:CDS	helix-turn-helix domain-containing protein	batch2_21032019_ENT1079_Ctg2_len_91643_depth_2.11x_circ_blaNDM-1:58558-58824	MKOEDHEA_00069

DiscRep_SUB:FEATURE_LOCATION_CONFLICT::Coding region xref gene does not exist
batch2_21032019_ENT1079_Ctg2_len_91643_depth_2.11x_circ_blaNDM-1_prokka_out/batch2_21032019_ENT1079_Ctg2_len_91643_depth_2.11x_circ_blaNDM-1:CDS	DGQHR domain-containing protein	batch2_21032019_ENT1079_Ctg2_len_91643_depth_2.11x_circ_blaNDM-1:58888-60171	MKOEDHEA_00070

DiscRep_SUB:FEATURE_LOCATION_CONFLICT::Coding region xref gene does not exist
batch2_21032019_ENT1079_Ctg2_len_91643_depth_2.11x_circ_blaNDM-1_prokka_out/batch2_21032019_ENT1079_Ctg2_len_91643_depth_2.11x_circ_blaNDM-1:CDS	hypothetical protein	batch2_21032019_ENT1079_Ctg2_len_91643_depth_2.11x_circ_blaNDM-1:60779-60958	MKOEDHEA_00071

DiscRep_SUB:FEATURE_LOCATION_CONFLICT::Coding region xref gene does not exist
batch2_21032019_ENT1079_Ctg2_len_91643_depth_2.11x_circ_blaNDM-1_prokka_out/batch2_21032019_ENT1079_Ctg2_len_91643_depth_2.11x_circ_blaNDM-1:CDS	hypothetical protein	batch2_21032019_ENT1079_Ctg2_len_91643_depth_2.11x_circ_blaNDM-1:61031-61891	MKOEDHEA_00072

DiscRep_SUB:FEATURE_LOCATION_CONFLICT::Coding region xref gene does not exist
batch2_21032019_ENT1079_Ctg2_len_91643_depth_2.11x_circ_blaNDM-1_prokka_out/batch2_21032019_ENT1079_Ctg2_len_91643_depth_2.11x_circ_blaNDM-1:CDS	Fibrinogen-binding protein	batch2_21032019_ENT1079_Ctg2_len_91643_depth_2.11x_circ_blaNDM-1:62081-62419	MKOEDHEA_00073

DiscRep_SUB:FEATURE_LOCATION_CONFLICT::Coding region xref gene does not exist
batch2_21032019_ENT1079_Ctg2_len_91643_depth_2.11x_circ_blaNDM-1_prokka_out/batch2_21032019_ENT1079_Ctg2_len_91643_depth_2.11x_circ_blaNDM-1:CDS	Histone-like protein	batch2_21032019_ENT1079_Ctg2_len_91643_depth_2.11x_circ_blaNDM-1:62517-62747	MKOEDHEA_00074

DiscRep_SUB:FEATURE_LOCATION_CONFLICT::Coding region xref gene does not exist
batch2_21032019_ENT1079_Ctg2_len_91643_depth_2.11x_circ_blaNDM-1_prokka_out/batch2_21032019_ENT1079_Ctg2_len_91643_depth_2.11x_circ_blaNDM-1:CDS	hypothetical protein	batch2_21032019_ENT1079_Ctg2_len_91643_depth_2.11x_circ_blaNDM-1:62860-62973	MKOEDHEA_00075

DiscRep_SUB:FEATURE_LOCATION_CONFLICT::Coding region xref gene does not exist
batch2_21032019_ENT1079_Ctg2_len_91643_depth_2.11x_circ_blaNDM-1_prokka_out/batch2_21032019_ENT1079_Ctg2_len_91643_depth_2.11x_circ_blaNDM-1:CDS	hypothetical protein	batch2_21032019_ENT1079_Ctg2_len_91643_depth_2.11x_circ_blaNDM-1:63079-63294	MKOEDHEA_00076

DiscRep_SUB:FEATURE_LOCATION_CONFLICT::Coding region xref gene does not exist
batch2_21032019_ENT1079_Ctg2_len_91643_depth_2.11x_circ_blaNDM-1_prokka_out/batch2_21032019_ENT1079_Ctg2_len_91643_depth_2.11x_circ_blaNDM-1:CDS	hypothetical protein	batch2_21032019_ENT1079_Ctg2_len_91643_depth_2.11x_circ_blaNDM-1:63366-63776	MKOEDHEA_00077

DiscRep_SUB:FEATURE_LOCATION_CONFLICT::Coding region xref gene does not exist
batch2_21032019_ENT1079_Ctg2_len_91643_depth_2.11x_circ_blaNDM-1_prokka_out/batch2_21032019_ENT1079_Ctg2_len_91643_depth_2.11x_circ_blaNDM-1:CDS	hypothetical protein	batch2_21032019_ENT1079_Ctg2_len_91643_depth_2.11x_circ_blaNDM-1:63838-64143	MKOEDHEA_00078

DiscRep_SUB:FEATURE_LOCATION_CONFLICT::Coding region xref gene does not exist
batch2_21032019_ENT1079_Ctg2_len_91643_depth_2.11x_circ_blaNDM-1_prokka_out/batch2_21032019_ENT1079_Ctg2_len_91643_depth_2.11x_circ_blaNDM-1:CDS	Antirestriction protein KlcA	batch2_21032019_ENT1079_Ctg2_len_91643_depth_2.11x_circ_blaNDM-1:64344-64784	MKOEDHEA_00079

DiscRep_SUB:FEATURE_LOCATION_CONFLICT::Coding region xref gene does not exist
batch2_21032019_ENT1079_Ctg2_len_91643_depth_2.11x_circ_blaNDM-1_prokka_out/batch2_21032019_ENT1079_Ctg2_len_91643_depth_2.11x_circ_blaNDM-1:CDS	hypothetical protein	batch2_21032019_ENT1079_Ctg2_len_91643_depth_2.11x_circ_blaNDM-1:64828-65112	MKOEDHEA_00080

DiscRep_SUB:FEATURE_LOCATION_CONFLICT::Coding region xref gene does not exist
batch2_21032019_ENT1079_Ctg2_len_91643_depth_2.11x_circ_blaNDM-1_prokka_out/batch2_21032019_ENT1079_Ctg2_len_91643_depth_2.11x_circ_blaNDM-1:CDS	hypothetical protein	batch2_21032019_ENT1079_Ctg2_len_91643_depth_2.11x_circ_blaNDM-1:65266-65487	MKOEDHEA_00081

DiscRep_SUB:FEATURE_LOCATION_CONFLICT::Coding region xref gene does not exist
batch2_21032019_ENT1079_Ctg2_len_91643_depth_2.11x_circ_blaNDM-1_prokka_out/batch2_21032019_ENT1079_Ctg2_len_91643_depth_2.11x_circ_blaNDM-1:CDS	Single-stranded DNA-binding protein	batch2_21032019_ENT1079_Ctg2_len_91643_depth_2.11x_circ_blaNDM-1:65559-65993	MKOEDHEA_00082

DiscRep_SUB:FEATURE_LOCATION_CONFLICT::Coding region xref gene does not exist
batch2_21032019_ENT1079_Ctg2_len_91643_depth_2.11x_circ_blaNDM-1_prokka_out/batch2_21032019_ENT1079_Ctg2_len_91643_depth_2.11x_circ_blaNDM-1:CDS	Transcriptional regulator, HxlR family	batch2_21032019_ENT1079_Ctg2_len_91643_depth_2.11x_circ_blaNDM-1:66052-66363	MKOEDHEA_00083

DiscRep_SUB:FEATURE_LOCATION_CONFLICT::Coding region xref gene does not exist
batch2_21032019_ENT1079_Ctg2_len_91643_depth_2.11x_circ_blaNDM-1_prokka_out/batch2_21032019_ENT1079_Ctg2_len_91643_depth_2.11x_circ_blaNDM-1:CDS	hypothetical protein	batch2_21032019_ENT1079_Ctg2_len_91643_depth_2.11x_circ_blaNDM-1:66496-67032	MKOEDHEA_00084

DiscRep_SUB:FEATURE_LOCATION_CONFLICT::Coding region xref gene does not exist
batch2_21032019_ENT1079_Ctg2_len_91643_depth_2.11x_circ_blaNDM-1_prokka_out/batch2_21032019_ENT1079_Ctg2_len_91643_depth_2.11x_circ_blaNDM-1:CDS	hypothetical protein	batch2_21032019_ENT1079_Ctg2_len_91643_depth_2.11x_circ_blaNDM-1:67102-67242	MKOEDHEA_00085

DiscRep_SUB:FEATURE_LOCATION_CONFLICT::Coding region xref gene does not exist
batch2_21032019_ENT1079_Ctg2_len_91643_depth_2.11x_circ_blaNDM-1_prokka_out/batch2_21032019_ENT1079_Ctg2_len_91643_depth_2.11x_circ_blaNDM-1:CDS	MobC	batch2_21032019_ENT1079_Ctg2_len_91643_depth_2.11x_circ_blaNDM-1:c67898-67533	MKOEDHEA_00086

DiscRep_SUB:FEATURE_LOCATION_CONFLICT::Coding region xref gene does not exist
batch2_21032019_ENT1079_Ctg2_len_91643_depth_2.11x_circ_blaNDM-1_prokka_out/batch2_21032019_ENT1079_Ctg2_len_91643_depth_2.11x_circ_blaNDM-1:CDS	NikA	batch2_21032019_ENT1079_Ctg2_len_91643_depth_2.11x_circ_blaNDM-1:68173-68490	MKOEDHEA_00087

DiscRep_SUB:FEATURE_LOCATION_CONFLICT::Coding region xref gene does not exist
batch2_21032019_ENT1079_Ctg2_len_91643_depth_2.11x_circ_blaNDM-1_prokka_out/batch2_21032019_ENT1079_Ctg2_len_91643_depth_2.11x_circ_blaNDM-1:CDS	ChlI component of cobalt chelatase involved in B12 biosynthesis / ChlD component of cobalt chelatase involved in B12 biosynthe>	batch2_21032019_ENT1079_Ctg2_len_91643_depth_2.11x_circ_blaNDM-1:68477-70456	MKOEDHEA_00088

DiscRep_SUB:FEATURE_LOCATION_CONFLICT::Coding region xref gene does not exist
batch2_21032019_ENT1079_Ctg2_len_91643_depth_2.11x_circ_blaNDM-1_prokka_out/batch2_21032019_ENT1079_Ctg2_len_91643_depth_2.11x_circ_blaNDM-1:CDS	DotD/TraH family lipoprotein	batch2_21032019_ENT1079_Ctg2_len_91643_depth_2.11x_circ_blaNDM-1:70470-70970	MKOEDHEA_00089

DiscRep_SUB:FEATURE_LOCATION_CONFLICT::Coding region xref gene does not exist
batch2_21032019_ENT1079_Ctg2_len_91643_depth_2.11x_circ_blaNDM-1_prokka_out/batch2_21032019_ENT1079_Ctg2_len_91643_depth_2.11x_circ_blaNDM-1:CDS	TraJ	batch2_21032019_ENT1079_Ctg2_len_91643_depth_2.11x_circ_blaNDM-1:70967-71746	MKOEDHEA_00090

DiscRep_SUB:FEATURE_LOCATION_CONFLICT::Coding region xref gene does not exist
batch2_21032019_ENT1079_Ctg2_len_91643_depth_2.11x_circ_blaNDM-1_prokka_out/batch2_21032019_ENT1079_Ctg2_len_91643_depth_2.11x_circ_blaNDM-1:CDS	plasmid transfer ATPase TraJ	batch2_21032019_ENT1079_Ctg2_len_91643_depth_2.11x_circ_blaNDM-1:71757-72920	MKOEDHEA_00091

DiscRep_SUB:FEATURE_LOCATION_CONFLICT::Coding region xref gene does not exist
batch2_21032019_ENT1079_Ctg2_len_91643_depth_2.11x_circ_blaNDM-1_prokka_out/batch2_21032019_ENT1079_Ctg2_len_91643_depth_2.11x_circ_blaNDM-1:CDS	IcmT/TraK family protein	batch2_21032019_ENT1079_Ctg2_len_91643_depth_2.11x_circ_blaNDM-1:72910-73170	MKOEDHEA_00092

DiscRep_SUB:FEATURE_LOCATION_CONFLICT::Coding region xref gene does not exist
batch2_21032019_ENT1079_Ctg2_len_91643_depth_2.11x_circ_blaNDM-1_prokka_out/batch2_21032019_ENT1079_Ctg2_len_91643_depth_2.11x_circ_blaNDM-1:CDS	DNA primase	batch2_21032019_ENT1079_Ctg2_len_91643_depth_2.11x_circ_blaNDM-1:73195-76722	MKOEDHEA_00093

DiscRep_SUB:FEATURE_LOCATION_CONFLICT::Coding region xref gene does not exist
batch2_21032019_ENT1079_Ctg2_len_91643_depth_2.11x_circ_blaNDM-1_prokka_out/batch2_21032019_ENT1079_Ctg2_len_91643_depth_2.11x_circ_blaNDM-1:CDS	TraL	batch2_21032019_ENT1079_Ctg2_len_91643_depth_2.11x_circ_blaNDM-1:76688-77200	MKOEDHEA_00094

DiscRep_SUB:FEATURE_LOCATION_CONFLICT::Coding region xref gene does not exist
batch2_21032019_ENT1079_Ctg2_len_91643_depth_2.11x_circ_blaNDM-1_prokka_out/batch2_21032019_ENT1079_Ctg2_len_91643_depth_2.11x_circ_blaNDM-1:CDS	hypothetical protein	batch2_21032019_ENT1079_Ctg2_len_91643_depth_2.11x_circ_blaNDM-1:c77398-77201	MKOEDHEA_00095

DiscRep_SUB:FEATURE_LOCATION_CONFLICT::Coding region xref gene does not exist
batch2_21032019_ENT1079_Ctg2_len_91643_depth_2.11x_circ_blaNDM-1_prokka_out/batch2_21032019_ENT1079_Ctg2_len_91643_depth_2.11x_circ_blaNDM-1:CDS	H-NS histone family protein	batch2_21032019_ENT1079_Ctg2_len_91643_depth_2.11x_circ_blaNDM-1:c77795-77385	MKOEDHEA_00096

DiscRep_SUB:FEATURE_LOCATION_CONFLICT::Coding region xref gene does not exist
batch2_21032019_ENT1079_Ctg2_len_91643_depth_2.11x_circ_blaNDM-1_prokka_out/batch2_21032019_ENT1079_Ctg2_len_91643_depth_2.11x_circ_blaNDM-1:CDS	TraM	batch2_21032019_ENT1079_Ctg2_len_91643_depth_2.11x_circ_blaNDM-1:77863-78576	MKOEDHEA_00097

DiscRep_SUB:FEATURE_LOCATION_CONFLICT::Coding region xref gene does not exist
batch2_21032019_ENT1079_Ctg2_len_91643_depth_2.11x_circ_blaNDM-1_prokka_out/batch2_21032019_ENT1079_Ctg2_len_91643_depth_2.11x_circ_blaNDM-1:CDS	DotH/IcmK family type IV secretion protein	batch2_21032019_ENT1079_Ctg2_len_91643_depth_2.11x_circ_blaNDM-1:78585-79736	MKOEDHEA_00098

DiscRep_SUB:FEATURE_LOCATION_CONFLICT::Coding region xref gene does not exist
batch2_21032019_ENT1079_Ctg2_len_91643_depth_2.11x_circ_blaNDM-1_prokka_out/batch2_21032019_ENT1079_Ctg2_len_91643_depth_2.11x_circ_blaNDM-1:CDS	IncI1 plasmid conjugative transfer protein TraO	batch2_21032019_ENT1079_Ctg2_len_91643_depth_2.11x_circ_blaNDM-1:79748-81097	MKOEDHEA_00099

DiscRep_SUB:FEATURE_LOCATION_CONFLICT::Coding region xref gene does not exist
batch2_21032019_ENT1079_Ctg2_len_91643_depth_2.11x_circ_blaNDM-1_prokka_out/batch2_21032019_ENT1079_Ctg2_len_91643_depth_2.11x_circ_blaNDM-1:CDS	conjugative transfer protein	batch2_21032019_ENT1079_Ctg2_len_91643_depth_2.11x_circ_blaNDM-1:81109-81813	MKOEDHEA_00100

DiscRep_SUB:FEATURE_LOCATION_CONFLICT::Coding region xref gene does not exist
batch2_21032019_ENT1079_Ctg2_len_91643_depth_2.11x_circ_blaNDM-1_prokka_out/batch2_21032019_ENT1079_Ctg2_len_91643_depth_2.11x_circ_blaNDM-1:CDS	conjugal transfer protein TraQ	batch2_21032019_ENT1079_Ctg2_len_91643_depth_2.11x_circ_blaNDM-1:81837-82367	MKOEDHEA_00101

DiscRep_SUB:FEATURE_LOCATION_CONFLICT::Coding region xref gene does not exist
batch2_21032019_ENT1079_Ctg2_len_91643_depth_2.11x_circ_blaNDM-1_prokka_out/batch2_21032019_ENT1079_Ctg2_len_91643_depth_2.11x_circ_blaNDM-1:CDS	conjugal transfer protein	batch2_21032019_ENT1079_Ctg2_len_91643_depth_2.11x_circ_blaNDM-1:82384-82773	MKOEDHEA_00102

DiscRep_SUB:FEATURE_LOCATION_CONFLICT::Coding region xref gene does not exist
batch2_21032019_ENT1079_Ctg2_len_91643_depth_2.11x_circ_blaNDM-1_prokka_out/batch2_21032019_ENT1079_Ctg2_len_91643_depth_2.11x_circ_blaNDM-1:CDS	conjugal transfer protein	batch2_21032019_ENT1079_Ctg2_len_91643_depth_2.11x_circ_blaNDM-1:82819-83313	MKOEDHEA_00103

DiscRep_SUB:FEATURE_LOCATION_CONFLICT::Coding region xref gene does not exist
batch2_21032019_ENT1079_Ctg2_len_91643_depth_2.11x_circ_blaNDM-1_prokka_out/batch2_21032019_ENT1079_Ctg2_len_91643_depth_2.11x_circ_blaNDM-1:CDS	conjugal transfer protein	batch2_21032019_ENT1079_Ctg2_len_91643_depth_2.11x_circ_blaNDM-1:83310-86360	MKOEDHEA_00104

DiscRep_SUB:FEATURE_LOCATION_CONFLICT::Coding region xref gene does not exist
batch2_21032019_ENT1079_Ctg2_len_91643_depth_2.11x_circ_blaNDM-1_prokka_out/batch2_21032019_ENT1079_Ctg2_len_91643_depth_2.11x_circ_blaNDM-1:CDS	conjugal transfer protein TraW	batch2_21032019_ENT1079_Ctg2_len_91643_depth_2.11x_circ_blaNDM-1:86357-87565	MKOEDHEA_00105

DiscRep_SUB:FEATURE_LOCATION_CONFLICT::Coding region xref gene does not exist
batch2_21032019_ENT1079_Ctg2_len_91643_depth_2.11x_circ_blaNDM-1_prokka_out/batch2_21032019_ENT1079_Ctg2_len_91643_depth_2.11x_circ_blaNDM-1:CDS	TraX-like protein	batch2_21032019_ENT1079_Ctg2_len_91643_depth_2.11x_circ_blaNDM-1:87562-88212	MKOEDHEA_00106

DiscRep_SUB:FEATURE_LOCATION_CONFLICT::Coding region xref gene does not exist
batch2_21032019_ENT1079_Ctg2_len_91643_depth_2.11x_circ_blaNDM-1_prokka_out/batch2_21032019_ENT1079_Ctg2_len_91643_depth_2.11x_circ_blaNDM-1:CDS	TraY	batch2_21032019_ENT1079_Ctg2_len_91643_depth_2.11x_circ_blaNDM-1:88205-90385	MKOEDHEA_00107

DiscRep_SUB:FEATURE_LOCATION_CONFLICT::Coding region xref gene does not exist
batch2_21032019_ENT1079_Ctg2_len_91643_depth_2.11x_circ_blaNDM-1_prokka_out/batch2_21032019_ENT1079_Ctg2_len_91643_depth_2.11x_circ_blaNDM-1:CDS	ExcA	batch2_21032019_ENT1079_Ctg2_len_91643_depth_2.11x_circ_blaNDM-1:90388-91041	MKOEDHEA_00108

DiscRep_SUB:FEATURE_LOCATION_CONFLICT::Coding region xref gene does not exist
batch2_21032019_ENT1079_Ctg2_len_91643_depth_2.11x_circ_blaNDM-1_prokka_out/batch2_21032019_ENT1079_Ctg2_len_91643_depth_2.11x_circ_blaNDM-1:CDS	RepC	batch2_21032019_ENT1079_Ctg2_len_91643_depth_2.11x_circ_blaNDM-1:91116-91346	MKOEDHEA_00109

DiscRep_ALL:OVERLAPPING_CDS::2 coding regions overlap another coding region with a similar or identical name.
DiscRep_SUB:OVERLAPPING_CDS::2 coding regions overlap another coding region with a similar or identical name that do not have the appropriate note text
batch2_21032019_ENT1079_Ctg2_len_91643_depth_2.11x_circ_blaNDM-1_prokka_out/batch2_21032019_ENT1079_Ctg2_len_91643_depth_2.11x_circ_blaNDM-1:CDS	conjugal transfer protein	batch2_21032019_ENT1079_Ctg2_len_91643_depth_2.11x_circ_blaNDM-1:82819-83313	MKOEDHEA_00103
batch2_21032019_ENT1079_Ctg2_len_91643_depth_2.11x_circ_blaNDM-1_prokka_out/batch2_21032019_ENT1079_Ctg2_len_91643_depth_2.11x_circ_blaNDM-1:CDS	conjugal transfer protein	batch2_21032019_ENT1079_Ctg2_len_91643_depth_2.11x_circ_blaNDM-1:83310-86360	MKOEDHEA_00104

DiscRep_ALL:SUSPECT_PRODUCT_NAMES::1 product_names contain suspect phrase or characters
DiscRep_SUB:SUSPECT_PRODUCT_NAMES::Use short product name instead of descriptive phrase
DiscRep_SUB:SUSPECT_PRODUCT_NAMES::1 features Is longer than 100 characters. Remove descriptive phrases or synonyms from product names. Keep valid long product names, eg long enzyme names
batch2_21032019_ENT1079_Ctg2_len_91643_depth_2.11x_circ_blaNDM-1_prokka_out/batch2_21032019_ENT1079_Ctg2_len_91643_depth_2.11x_circ_blaNDM-1:CDS	ChlI component of cobalt chelatase involved in B12 biosynthesis / ChlD component of cobalt chelatase involved in B12 biosynthe>	batch2_21032019_ENT1079_Ctg2_len_91643_depth_2.11x_circ_blaNDM-1:68477-70456	MKOEDHEA_00088

DiscRep_ALL:DISC_QUALITY_SCORES::Quality scores are missing on all sequences.

DiscRep_ALL:ONCALLER_COMMENT_PRESENT::1 comment descriptors were found (all same)
batch2_21032019_ENT1079_Ctg2_len_91643_depth_2.11x_circ_blaNDM-1_prokka_out/batch2_21032019_ENT1079_Ctg2_len_91643_depth_2.11x_circ_blaNDM-1:batch2_21032019_ENT1079_Ctg2_len_916>:Annotated using prokka2 1.14.6 from https://github.com/tseemann/prokka

DiscRep_ALL:SHORT_PROT_SEQUENCES::3 protein sequences are shorter than 50 aa.
batch2_21032019_ENT1079_Ctg2_len_91643_depth_2.11x_circ_blaNDM-1_prokka_out/batch2_21032019_ENT1079_Ctg2_len_91643_depth_2.11x_circ_blaNDM-1:batch2_21032019_ENT1079_Ctg2_len_916> (length 30)
batch2_21032019_ENT1079_Ctg2_len_91643_depth_2.11x_circ_blaNDM-1_prokka_out/batch2_21032019_ENT1079_Ctg2_len_91643_depth_2.11x_circ_blaNDM-1:batch2_21032019_ENT1079_Ctg2_len_916> (length 37)
batch2_21032019_ENT1079_Ctg2_len_91643_depth_2.11x_circ_blaNDM-1_prokka_out/batch2_21032019_ENT1079_Ctg2_len_91643_depth_2.11x_circ_blaNDM-1:batch2_21032019_ENT1079_Ctg2_len_916> (length 46)

DiscRep_ALL:MISSING_GENOMEASSEMBLY_COMMENTS::1 bioseqs are missing GenomeAssembly structured comments
batch2_21032019_ENT1079_Ctg2_len_91643_depth_2.11x_circ_blaNDM-1_prokka_out/batch2_21032019_ENT1079_Ctg2_len_91643_depth_2.11x_circ_blaNDM-1:batch2_21032019_ENT1079_Ctg2_len_916> (length 91643)

DiscRep_ALL:MOLTYPE_NOT_MRNA::1 molecule types are not set as mRNA.
batch2_21032019_ENT1079_Ctg2_len_91643_depth_2.11x_circ_blaNDM-1_prokka_out/batch2_21032019_ENT1079_Ctg2_len_91643_depth_2.11x_circ_blaNDM-1:batch2_21032019_ENT1079_Ctg2_len_916> (length 91643)

DiscRep_ALL:TECHNIQUE_NOT_TSA::1 technique are not set as TSA
batch2_21032019_ENT1079_Ctg2_len_91643_depth_2.11x_circ_blaNDM-1_prokka_out/batch2_21032019_ENT1079_Ctg2_len_91643_depth_2.11x_circ_blaNDM-1:batch2_21032019_ENT1079_Ctg2_len_916> (length 91643)

DiscRep_ALL:MISSING_STRUCTURED_COMMENT::1 sequences do not include structured comments.
batch2_21032019_ENT1079_Ctg2_len_91643_depth_2.11x_circ_blaNDM-1_prokka_out/batch2_21032019_ENT1079_Ctg2_len_91643_depth_2.11x_circ_blaNDM-1:batch2_21032019_ENT1079_Ctg2_len_916> (length 91643)

DiscRep_ALL:MISSING_PROJECT::110 sequences do not include project.
batch2_21032019_ENT1079_Ctg2_len_91643_depth_2.11x_circ_blaNDM-1_prokka_out/batch2_21032019_ENT1079_Ctg2_len_91643_depth_2.11x_circ_blaNDM-1:batch2_21032019_ENT1079_Ctg2_len_916> (length 91643)
batch2_21032019_ENT1079_Ctg2_len_91643_depth_2.11x_circ_blaNDM-1_prokka_out/batch2_21032019_ENT1079_Ctg2_len_91643_depth_2.11x_circ_blaNDM-1:batch2_21032019_ENT1079_Ctg2_len_916> (length 351)
batch2_21032019_ENT1079_Ctg2_len_91643_depth_2.11x_circ_blaNDM-1_prokka_out/batch2_21032019_ENT1079_Ctg2_len_91643_depth_2.11x_circ_blaNDM-1:batch2_21032019_ENT1079_Ctg2_len_916> (length 286)
batch2_21032019_ENT1079_Ctg2_len_91643_depth_2.11x_circ_blaNDM-1_prokka_out/batch2_21032019_ENT1079_Ctg2_len_91643_depth_2.11x_circ_blaNDM-1:batch2_21032019_ENT1079_Ctg2_len_916> (length 456)
batch2_21032019_ENT1079_Ctg2_len_91643_depth_2.11x_circ_blaNDM-1_prokka_out/batch2_21032019_ENT1079_Ctg2_len_91643_depth_2.11x_circ_blaNDM-1:batch2_21032019_ENT1079_Ctg2_len_916> (length 378)
batch2_21032019_ENT1079_Ctg2_len_91643_depth_2.11x_circ_blaNDM-1_prokka_out/batch2_21032019_ENT1079_Ctg2_len_91643_depth_2.11x_circ_blaNDM-1:batch2_21032019_ENT1079_Ctg2_len_916> (length 75)
batch2_21032019_ENT1079_Ctg2_len_91643_depth_2.11x_circ_blaNDM-1_prokka_out/batch2_21032019_ENT1079_Ctg2_len_91643_depth_2.11x_circ_blaNDM-1:batch2_21032019_ENT1079_Ctg2_len_916> (length 180)
batch2_21032019_ENT1079_Ctg2_len_91643_depth_2.11x_circ_blaNDM-1_prokka_out/batch2_21032019_ENT1079_Ctg2_len_91643_depth_2.11x_circ_blaNDM-1:batch2_21032019_ENT1079_Ctg2_len_916> (length 286)
batch2_21032019_ENT1079_Ctg2_len_91643_depth_2.11x_circ_blaNDM-1_prokka_out/batch2_21032019_ENT1079_Ctg2_len_91643_depth_2.11x_circ_blaNDM-1:batch2_21032019_ENT1079_Ctg2_len_916> (length 234)
batch2_21032019_ENT1079_Ctg2_len_91643_depth_2.11x_circ_blaNDM-1_prokka_out/batch2_21032019_ENT1079_Ctg2_len_91643_depth_2.11x_circ_blaNDM-1:batch2_21032019_ENT1079_Ctg2_len_916> (length 194)
batch2_21032019_ENT1079_Ctg2_len_91643_depth_2.11x_circ_blaNDM-1_prokka_out/batch2_21032019_ENT1079_Ctg2_len_91643_depth_2.11x_circ_blaNDM-1:batch2_21032019_ENT1079_Ctg2_len_916> (length 52)
batch2_21032019_ENT1079_Ctg2_len_91643_depth_2.11x_circ_blaNDM-1_prokka_out/batch2_21032019_ENT1079_Ctg2_len_91643_depth_2.11x_circ_blaNDM-1:batch2_21032019_ENT1079_Ctg2_len_916> (length 114)
batch2_21032019_ENT1079_Ctg2_len_91643_depth_2.11x_circ_blaNDM-1_prokka_out/batch2_21032019_ENT1079_Ctg2_len_91643_depth_2.11x_circ_blaNDM-1:batch2_21032019_ENT1079_Ctg2_len_916> (length 424)
batch2_21032019_ENT1079_Ctg2_len_91643_depth_2.11x_circ_blaNDM-1_prokka_out/batch2_21032019_ENT1079_Ctg2_len_91643_depth_2.11x_circ_blaNDM-1:batch2_21032019_ENT1079_Ctg2_len_916> (length 90)
batch2_21032019_ENT1079_Ctg2_len_91643_depth_2.11x_circ_blaNDM-1_prokka_out/batch2_21032019_ENT1079_Ctg2_len_91643_depth_2.11x_circ_blaNDM-1:batch2_21032019_ENT1079_Ctg2_len_916> (length 227)
batch2_21032019_ENT1079_Ctg2_len_91643_depth_2.11x_circ_blaNDM-1_prokka_out/batch2_21032019_ENT1079_Ctg2_len_91643_depth_2.11x_circ_blaNDM-1:batch2_21032019_ENT1079_Ctg2_len_916> (length 72)
batch2_21032019_ENT1079_Ctg2_len_91643_depth_2.11x_circ_blaNDM-1_prokka_out/batch2_21032019_ENT1079_Ctg2_len_91643_depth_2.11x_circ_blaNDM-1:batch2_21032019_ENT1079_Ctg2_len_916> (length 69)
batch2_21032019_ENT1079_Ctg2_len_91643_depth_2.11x_circ_blaNDM-1_prokka_out/batch2_21032019_ENT1079_Ctg2_len_91643_depth_2.11x_circ_blaNDM-1:batch2_21032019_ENT1079_Ctg2_len_916> (length 212)
batch2_21032019_ENT1079_Ctg2_len_91643_depth_2.11x_circ_blaNDM-1_prokka_out/batch2_21032019_ENT1079_Ctg2_len_91643_depth_2.11x_circ_blaNDM-1:batch2_21032019_ENT1079_Ctg2_len_916> (length 106)
batch2_21032019_ENT1079_Ctg2_len_91643_depth_2.11x_circ_blaNDM-1_prokka_out/batch2_21032019_ENT1079_Ctg2_len_91643_depth_2.11x_circ_blaNDM-1:batch2_21032019_ENT1079_Ctg2_len_916> (length 282)
batch2_21032019_ENT1079_Ctg2_len_91643_depth_2.11x_circ_blaNDM-1_prokka_out/batch2_21032019_ENT1079_Ctg2_len_91643_depth_2.11x_circ_blaNDM-1:batch2_21032019_ENT1079_Ctg2_len_916> (length 434)
batch2_21032019_ENT1079_Ctg2_len_91643_depth_2.11x_circ_blaNDM-1_prokka_out/batch2_21032019_ENT1079_Ctg2_len_91643_depth_2.11x_circ_blaNDM-1:batch2_21032019_ENT1079_Ctg2_len_916> (length 144)
batch2_21032019_ENT1079_Ctg2_len_91643_depth_2.11x_circ_blaNDM-1_prokka_out/batch2_21032019_ENT1079_Ctg2_len_91643_depth_2.11x_circ_blaNDM-1:batch2_21032019_ENT1079_Ctg2_len_916> (length 494)
batch2_21032019_ENT1079_Ctg2_len_91643_depth_2.11x_circ_blaNDM-1_prokka_out/batch2_21032019_ENT1079_Ctg2_len_91643_depth_2.11x_circ_blaNDM-1:batch2_21032019_ENT1079_Ctg2_len_916> (length 110)
batch2_21032019_ENT1079_Ctg2_len_91643_depth_2.11x_circ_blaNDM-1_prokka_out/batch2_21032019_ENT1079_Ctg2_len_91643_depth_2.11x_circ_blaNDM-1:batch2_21032019_ENT1079_Ctg2_len_916> (length 85)
batch2_21032019_ENT1079_Ctg2_len_91643_depth_2.11x_circ_blaNDM-1_prokka_out/batch2_21032019_ENT1079_Ctg2_len_91643_depth_2.11x_circ_blaNDM-1:batch2_21032019_ENT1079_Ctg2_len_916> (length 217)
batch2_21032019_ENT1079_Ctg2_len_91643_depth_2.11x_circ_blaNDM-1_prokka_out/batch2_21032019_ENT1079_Ctg2_len_91643_depth_2.11x_circ_blaNDM-1:batch2_21032019_ENT1079_Ctg2_len_916> (length 116)
batch2_21032019_ENT1079_Ctg2_len_91643_depth_2.11x_circ_blaNDM-1_prokka_out/batch2_21032019_ENT1079_Ctg2_len_91643_depth_2.11x_circ_blaNDM-1:batch2_21032019_ENT1079_Ctg2_len_916> (length 131)
batch2_21032019_ENT1079_Ctg2_len_91643_depth_2.11x_circ_blaNDM-1_prokka_out/batch2_21032019_ENT1079_Ctg2_len_91643_depth_2.11x_circ_blaNDM-1:batch2_21032019_ENT1079_Ctg2_len_916> (length 435)
batch2_21032019_ENT1079_Ctg2_len_91643_depth_2.11x_circ_blaNDM-1_prokka_out/batch2_21032019_ENT1079_Ctg2_len_91643_depth_2.11x_circ_blaNDM-1:batch2_21032019_ENT1079_Ctg2_len_916> (length 316)
batch2_21032019_ENT1079_Ctg2_len_91643_depth_2.11x_circ_blaNDM-1_prokka_out/batch2_21032019_ENT1079_Ctg2_len_91643_depth_2.11x_circ_blaNDM-1:batch2_21032019_ENT1079_Ctg2_len_916> (length 695)
batch2_21032019_ENT1079_Ctg2_len_91643_depth_2.11x_circ_blaNDM-1_prokka_out/batch2_21032019_ENT1079_Ctg2_len_91643_depth_2.11x_circ_blaNDM-1:batch2_21032019_ENT1079_Ctg2_len_916> (length 169)
batch2_21032019_ENT1079_Ctg2_len_91643_depth_2.11x_circ_blaNDM-1_prokka_out/batch2_21032019_ENT1079_Ctg2_len_91643_depth_2.11x_circ_blaNDM-1:batch2_21032019_ENT1079_Ctg2_len_916> (length 687)
batch2_21032019_ENT1079_Ctg2_len_91643_depth_2.11x_circ_blaNDM-1_prokka_out/batch2_21032019_ENT1079_Ctg2_len_91643_depth_2.11x_circ_blaNDM-1:batch2_21032019_ENT1079_Ctg2_len_916> (length 234)
batch2_21032019_ENT1079_Ctg2_len_91643_depth_2.11x_circ_blaNDM-1_prokka_out/batch2_21032019_ENT1079_Ctg2_len_91643_depth_2.11x_circ_blaNDM-1:batch2_21032019_ENT1079_Ctg2_len_916> (length 255)
batch2_21032019_ENT1079_Ctg2_len_91643_depth_2.11x_circ_blaNDM-1_prokka_out/batch2_21032019_ENT1079_Ctg2_len_91643_depth_2.11x_circ_blaNDM-1:batch2_21032019_ENT1079_Ctg2_len_916> (length 180)
batch2_21032019_ENT1079_Ctg2_len_91643_depth_2.11x_circ_blaNDM-1_prokka_out/batch2_21032019_ENT1079_Ctg2_len_91643_depth_2.11x_circ_blaNDM-1:batch2_21032019_ENT1079_Ctg2_len_916> (length 210)
batch2_21032019_ENT1079_Ctg2_len_91643_depth_2.11x_circ_blaNDM-1_prokka_out/batch2_21032019_ENT1079_Ctg2_len_91643_depth_2.11x_circ_blaNDM-1:batch2_21032019_ENT1079_Ctg2_len_916> (length 467)
batch2_21032019_ENT1079_Ctg2_len_91643_depth_2.11x_circ_blaNDM-1_prokka_out/batch2_21032019_ENT1079_Ctg2_len_91643_depth_2.11x_circ_blaNDM-1:batch2_21032019_ENT1079_Ctg2_len_916> (length 294)
batch2_21032019_ENT1079_Ctg2_len_91643_depth_2.11x_circ_blaNDM-1_prokka_out/batch2_21032019_ENT1079_Ctg2_len_91643_depth_2.11x_circ_blaNDM-1:batch2_21032019_ENT1079_Ctg2_len_916> (length 491)
batch2_21032019_ENT1079_Ctg2_len_91643_depth_2.11x_circ_blaNDM-1_prokka_out/batch2_21032019_ENT1079_Ctg2_len_91643_depth_2.11x_circ_blaNDM-1:batch2_21032019_ENT1079_Ctg2_len_916> (length 391)
batch2_21032019_ENT1079_Ctg2_len_91643_depth_2.11x_circ_blaNDM-1_prokka_out/batch2_21032019_ENT1079_Ctg2_len_91643_depth_2.11x_circ_blaNDM-1:batch2_21032019_ENT1079_Ctg2_len_916> (length 61)
batch2_21032019_ENT1079_Ctg2_len_91643_depth_2.11x_circ_blaNDM-1_prokka_out/batch2_21032019_ENT1079_Ctg2_len_91643_depth_2.11x_circ_blaNDM-1:batch2_21032019_ENT1079_Ctg2_len_916> (length 257)
batch2_21032019_ENT1079_Ctg2_len_91643_depth_2.11x_circ_blaNDM-1_prokka_out/batch2_21032019_ENT1079_Ctg2_len_91643_depth_2.11x_circ_blaNDM-1:batch2_21032019_ENT1079_Ctg2_len_916> (length 30)
batch2_21032019_ENT1079_Ctg2_len_91643_depth_2.11x_circ_blaNDM-1_prokka_out/batch2_21032019_ENT1079_Ctg2_len_91643_depth_2.11x_circ_blaNDM-1:batch2_21032019_ENT1079_Ctg2_len_916> (length 278)
batch2_21032019_ENT1079_Ctg2_len_91643_depth_2.11x_circ_blaNDM-1_prokka_out/batch2_21032019_ENT1079_Ctg2_len_91643_depth_2.11x_circ_blaNDM-1:batch2_21032019_ENT1079_Ctg2_len_916> (length 513)
batch2_21032019_ENT1079_Ctg2_len_91643_depth_2.11x_circ_blaNDM-1_prokka_out/batch2_21032019_ENT1079_Ctg2_len_91643_depth_2.11x_circ_blaNDM-1:batch2_21032019_ENT1079_Ctg2_len_916> (length 279)
batch2_21032019_ENT1079_Ctg2_len_91643_depth_2.11x_circ_blaNDM-1_prokka_out/batch2_21032019_ENT1079_Ctg2_len_91643_depth_2.11x_circ_blaNDM-1:batch2_21032019_ENT1079_Ctg2_len_916> (length 160)
batch2_21032019_ENT1079_Ctg2_len_91643_depth_2.11x_circ_blaNDM-1_prokka_out/batch2_21032019_ENT1079_Ctg2_len_91643_depth_2.11x_circ_blaNDM-1:batch2_21032019_ENT1079_Ctg2_len_916> (length 291)
batch2_21032019_ENT1079_Ctg2_len_91643_depth_2.11x_circ_blaNDM-1_prokka_out/batch2_21032019_ENT1079_Ctg2_len_91643_depth_2.11x_circ_blaNDM-1:batch2_21032019_ENT1079_Ctg2_len_916> (length 338)
batch2_21032019_ENT1079_Ctg2_len_91643_depth_2.11x_circ_blaNDM-1_prokka_out/batch2_21032019_ENT1079_Ctg2_len_91643_depth_2.11x_circ_blaNDM-1:batch2_21032019_ENT1079_Ctg2_len_916> (length 86)
batch2_21032019_ENT1079_Ctg2_len_91643_depth_2.11x_circ_blaNDM-1_prokka_out/batch2_21032019_ENT1079_Ctg2_len_91643_depth_2.11x_circ_blaNDM-1:batch2_21032019_ENT1079_Ctg2_len_916> (length 270)
batch2_21032019_ENT1079_Ctg2_len_91643_depth_2.11x_circ_blaNDM-1_prokka_out/batch2_21032019_ENT1079_Ctg2_len_91643_depth_2.11x_circ_blaNDM-1:batch2_21032019_ENT1079_Ctg2_len_916> (length 234)
batch2_21032019_ENT1079_Ctg2_len_91643_depth_2.11x_circ_blaNDM-1_prokka_out/batch2_21032019_ENT1079_Ctg2_len_91643_depth_2.11x_circ_blaNDM-1:batch2_21032019_ENT1079_Ctg2_len_916> (length 158)
batch2_21032019_ENT1079_Ctg2_len_91643_depth_2.11x_circ_blaNDM-1_prokka_out/batch2_21032019_ENT1079_Ctg2_len_91643_depth_2.11x_circ_blaNDM-1:batch2_21032019_ENT1079_Ctg2_len_916> (length 153)
batch2_21032019_ENT1079_Ctg2_len_91643_depth_2.11x_circ_blaNDM-1_prokka_out/batch2_21032019_ENT1079_Ctg2_len_91643_depth_2.11x_circ_blaNDM-1:batch2_21032019_ENT1079_Ctg2_len_916> (length 82)
batch2_21032019_ENT1079_Ctg2_len_91643_depth_2.11x_circ_blaNDM-1_prokka_out/batch2_21032019_ENT1079_Ctg2_len_91643_depth_2.11x_circ_blaNDM-1:batch2_21032019_ENT1079_Ctg2_len_916> (length 195)
batch2_21032019_ENT1079_Ctg2_len_91643_depth_2.11x_circ_blaNDM-1_prokka_out/batch2_21032019_ENT1079_Ctg2_len_91643_depth_2.11x_circ_blaNDM-1:batch2_21032019_ENT1079_Ctg2_len_916> (length 161)
batch2_21032019_ENT1079_Ctg2_len_91643_depth_2.11x_circ_blaNDM-1_prokka_out/batch2_21032019_ENT1079_Ctg2_len_91643_depth_2.11x_circ_blaNDM-1:batch2_21032019_ENT1079_Ctg2_len_916> (length 82)
batch2_21032019_ENT1079_Ctg2_len_91643_depth_2.11x_circ_blaNDM-1_prokka_out/batch2_21032019_ENT1079_Ctg2_len_91643_depth_2.11x_circ_blaNDM-1:batch2_21032019_ENT1079_Ctg2_len_916> (length 246)
batch2_21032019_ENT1079_Ctg2_len_91643_depth_2.11x_circ_blaNDM-1_prokka_out/batch2_21032019_ENT1079_Ctg2_len_91643_depth_2.11x_circ_blaNDM-1:batch2_21032019_ENT1079_Ctg2_len_916> (length 324)
batch2_21032019_ENT1079_Ctg2_len_91643_depth_2.11x_circ_blaNDM-1_prokka_out/batch2_21032019_ENT1079_Ctg2_len_91643_depth_2.11x_circ_blaNDM-1:batch2_21032019_ENT1079_Ctg2_len_916> (length 147)
batch2_21032019_ENT1079_Ctg2_len_91643_depth_2.11x_circ_blaNDM-1_prokka_out/batch2_21032019_ENT1079_Ctg2_len_91643_depth_2.11x_circ_blaNDM-1:batch2_21032019_ENT1079_Ctg2_len_916> (length 187)
batch2_21032019_ENT1079_Ctg2_len_91643_depth_2.11x_circ_blaNDM-1_prokka_out/batch2_21032019_ENT1079_Ctg2_len_91643_depth_2.11x_circ_blaNDM-1:batch2_21032019_ENT1079_Ctg2_len_916> (length 168)
batch2_21032019_ENT1079_Ctg2_len_91643_depth_2.11x_circ_blaNDM-1_prokka_out/batch2_21032019_ENT1079_Ctg2_len_91643_depth_2.11x_circ_blaNDM-1:batch2_21032019_ENT1079_Ctg2_len_916> (length 159)
batch2_21032019_ENT1079_Ctg2_len_91643_depth_2.11x_circ_blaNDM-1_prokka_out/batch2_21032019_ENT1079_Ctg2_len_91643_depth_2.11x_circ_blaNDM-1:batch2_21032019_ENT1079_Ctg2_len_916> (length 136)
batch2_21032019_ENT1079_Ctg2_len_91643_depth_2.11x_circ_blaNDM-1_prokka_out/batch2_21032019_ENT1079_Ctg2_len_91643_depth_2.11x_circ_blaNDM-1:batch2_21032019_ENT1079_Ctg2_len_916> (length 87)
batch2_21032019_ENT1079_Ctg2_len_91643_depth_2.11x_circ_blaNDM-1_prokka_out/batch2_21032019_ENT1079_Ctg2_len_91643_depth_2.11x_circ_blaNDM-1:batch2_21032019_ENT1079_Ctg2_len_916> (length 120)
batch2_21032019_ENT1079_Ctg2_len_91643_depth_2.11x_circ_blaNDM-1_prokka_out/batch2_21032019_ENT1079_Ctg2_len_91643_depth_2.11x_circ_blaNDM-1:batch2_21032019_ENT1079_Ctg2_len_916> (length 149)
batch2_21032019_ENT1079_Ctg2_len_91643_depth_2.11x_circ_blaNDM-1_prokka_out/batch2_21032019_ENT1079_Ctg2_len_91643_depth_2.11x_circ_blaNDM-1:batch2_21032019_ENT1079_Ctg2_len_916> (length 88)
batch2_21032019_ENT1079_Ctg2_len_91643_depth_2.11x_circ_blaNDM-1_prokka_out/batch2_21032019_ENT1079_Ctg2_len_91643_depth_2.11x_circ_blaNDM-1:batch2_21032019_ENT1079_Ctg2_len_916> (length 427)
batch2_21032019_ENT1079_Ctg2_len_91643_depth_2.11x_circ_blaNDM-1_prokka_out/batch2_21032019_ENT1079_Ctg2_len_91643_depth_2.11x_circ_blaNDM-1:batch2_21032019_ENT1079_Ctg2_len_916> (length 59)
batch2_21032019_ENT1079_Ctg2_len_91643_depth_2.11x_circ_blaNDM-1_prokka_out/batch2_21032019_ENT1079_Ctg2_len_91643_depth_2.11x_circ_blaNDM-1:batch2_21032019_ENT1079_Ctg2_len_916> (length 286)
batch2_21032019_ENT1079_Ctg2_len_91643_depth_2.11x_circ_blaNDM-1_prokka_out/batch2_21032019_ENT1079_Ctg2_len_91643_depth_2.11x_circ_blaNDM-1:batch2_21032019_ENT1079_Ctg2_len_916> (length 112)
batch2_21032019_ENT1079_Ctg2_len_91643_depth_2.11x_circ_blaNDM-1_prokka_out/batch2_21032019_ENT1079_Ctg2_len_91643_depth_2.11x_circ_blaNDM-1:batch2_21032019_ENT1079_Ctg2_len_916> (length 76)
batch2_21032019_ENT1079_Ctg2_len_91643_depth_2.11x_circ_blaNDM-1_prokka_out/batch2_21032019_ENT1079_Ctg2_len_91643_depth_2.11x_circ_blaNDM-1:batch2_21032019_ENT1079_Ctg2_len_916> (length 37)
batch2_21032019_ENT1079_Ctg2_len_91643_depth_2.11x_circ_blaNDM-1_prokka_out/batch2_21032019_ENT1079_Ctg2_len_91643_depth_2.11x_circ_blaNDM-1:batch2_21032019_ENT1079_Ctg2_len_916> (length 71)
batch2_21032019_ENT1079_Ctg2_len_91643_depth_2.11x_circ_blaNDM-1_prokka_out/batch2_21032019_ENT1079_Ctg2_len_91643_depth_2.11x_circ_blaNDM-1:batch2_21032019_ENT1079_Ctg2_len_916> (length 136)
batch2_21032019_ENT1079_Ctg2_len_91643_depth_2.11x_circ_blaNDM-1_prokka_out/batch2_21032019_ENT1079_Ctg2_len_91643_depth_2.11x_circ_blaNDM-1:batch2_21032019_ENT1079_Ctg2_len_916> (length 101)
batch2_21032019_ENT1079_Ctg2_len_91643_depth_2.11x_circ_blaNDM-1_prokka_out/batch2_21032019_ENT1079_Ctg2_len_91643_depth_2.11x_circ_blaNDM-1:batch2_21032019_ENT1079_Ctg2_len_916> (length 146)
batch2_21032019_ENT1079_Ctg2_len_91643_depth_2.11x_circ_blaNDM-1_prokka_out/batch2_21032019_ENT1079_Ctg2_len_91643_depth_2.11x_circ_blaNDM-1:batch2_21032019_ENT1079_Ctg2_len_916> (length 94)
batch2_21032019_ENT1079_Ctg2_len_91643_depth_2.11x_circ_blaNDM-1_prokka_out/batch2_21032019_ENT1079_Ctg2_len_91643_depth_2.11x_circ_blaNDM-1:batch2_21032019_ENT1079_Ctg2_len_916> (length 73)
batch2_21032019_ENT1079_Ctg2_len_91643_depth_2.11x_circ_blaNDM-1_prokka_out/batch2_21032019_ENT1079_Ctg2_len_91643_depth_2.11x_circ_blaNDM-1:batch2_21032019_ENT1079_Ctg2_len_916> (length 144)
batch2_21032019_ENT1079_Ctg2_len_91643_depth_2.11x_circ_blaNDM-1_prokka_out/batch2_21032019_ENT1079_Ctg2_len_91643_depth_2.11x_circ_blaNDM-1:batch2_21032019_ENT1079_Ctg2_len_916> (length 103)
batch2_21032019_ENT1079_Ctg2_len_91643_depth_2.11x_circ_blaNDM-1_prokka_out/batch2_21032019_ENT1079_Ctg2_len_91643_depth_2.11x_circ_blaNDM-1:batch2_21032019_ENT1079_Ctg2_len_916> (length 178)
batch2_21032019_ENT1079_Ctg2_len_91643_depth_2.11x_circ_blaNDM-1_prokka_out/batch2_21032019_ENT1079_Ctg2_len_91643_depth_2.11x_circ_blaNDM-1:batch2_21032019_ENT1079_Ctg2_len_916> (length 46)
batch2_21032019_ENT1079_Ctg2_len_91643_depth_2.11x_circ_blaNDM-1_prokka_out/batch2_21032019_ENT1079_Ctg2_len_91643_depth_2.11x_circ_blaNDM-1:batch2_21032019_ENT1079_Ctg2_len_916> (length 121)
batch2_21032019_ENT1079_Ctg2_len_91643_depth_2.11x_circ_blaNDM-1_prokka_out/batch2_21032019_ENT1079_Ctg2_len_91643_depth_2.11x_circ_blaNDM-1:batch2_21032019_ENT1079_Ctg2_len_916> (length 105)
batch2_21032019_ENT1079_Ctg2_len_91643_depth_2.11x_circ_blaNDM-1_prokka_out/batch2_21032019_ENT1079_Ctg2_len_91643_depth_2.11x_circ_blaNDM-1:batch2_21032019_ENT1079_Ctg2_len_916> (length 659)
batch2_21032019_ENT1079_Ctg2_len_91643_depth_2.11x_circ_blaNDM-1_prokka_out/batch2_21032019_ENT1079_Ctg2_len_91643_depth_2.11x_circ_blaNDM-1:batch2_21032019_ENT1079_Ctg2_len_916> (length 166)
batch2_21032019_ENT1079_Ctg2_len_91643_depth_2.11x_circ_blaNDM-1_prokka_out/batch2_21032019_ENT1079_Ctg2_len_91643_depth_2.11x_circ_blaNDM-1:batch2_21032019_ENT1079_Ctg2_len_916> (length 259)
batch2_21032019_ENT1079_Ctg2_len_91643_depth_2.11x_circ_blaNDM-1_prokka_out/batch2_21032019_ENT1079_Ctg2_len_91643_depth_2.11x_circ_blaNDM-1:batch2_21032019_ENT1079_Ctg2_len_916> (length 387)
batch2_21032019_ENT1079_Ctg2_len_91643_depth_2.11x_circ_blaNDM-1_prokka_out/batch2_21032019_ENT1079_Ctg2_len_91643_depth_2.11x_circ_blaNDM-1:batch2_21032019_ENT1079_Ctg2_len_916> (length 86)
batch2_21032019_ENT1079_Ctg2_len_91643_depth_2.11x_circ_blaNDM-1_prokka_out/batch2_21032019_ENT1079_Ctg2_len_91643_depth_2.11x_circ_blaNDM-1:batch2_21032019_ENT1079_Ctg2_len_916> (length 1175)
batch2_21032019_ENT1079_Ctg2_len_91643_depth_2.11x_circ_blaNDM-1_prokka_out/batch2_21032019_ENT1079_Ctg2_len_91643_depth_2.11x_circ_blaNDM-1:batch2_21032019_ENT1079_Ctg2_len_916> (length 170)
batch2_21032019_ENT1079_Ctg2_len_91643_depth_2.11x_circ_blaNDM-1_prokka_out/batch2_21032019_ENT1079_Ctg2_len_91643_depth_2.11x_circ_blaNDM-1:batch2_21032019_ENT1079_Ctg2_len_916> (length 65)
batch2_21032019_ENT1079_Ctg2_len_91643_depth_2.11x_circ_blaNDM-1_prokka_out/batch2_21032019_ENT1079_Ctg2_len_91643_depth_2.11x_circ_blaNDM-1:batch2_21032019_ENT1079_Ctg2_len_916> (length 136)
batch2_21032019_ENT1079_Ctg2_len_91643_depth_2.11x_circ_blaNDM-1_prokka_out/batch2_21032019_ENT1079_Ctg2_len_91643_depth_2.11x_circ_blaNDM-1:batch2_21032019_ENT1079_Ctg2_len_916> (length 237)
batch2_21032019_ENT1079_Ctg2_len_91643_depth_2.11x_circ_blaNDM-1_prokka_out/batch2_21032019_ENT1079_Ctg2_len_91643_depth_2.11x_circ_blaNDM-1:batch2_21032019_ENT1079_Ctg2_len_916> (length 383)
batch2_21032019_ENT1079_Ctg2_len_91643_depth_2.11x_circ_blaNDM-1_prokka_out/batch2_21032019_ENT1079_Ctg2_len_91643_depth_2.11x_circ_blaNDM-1:batch2_21032019_ENT1079_Ctg2_len_916> (length 449)
batch2_21032019_ENT1079_Ctg2_len_91643_depth_2.11x_circ_blaNDM-1_prokka_out/batch2_21032019_ENT1079_Ctg2_len_91643_depth_2.11x_circ_blaNDM-1:batch2_21032019_ENT1079_Ctg2_len_916> (length 234)
batch2_21032019_ENT1079_Ctg2_len_91643_depth_2.11x_circ_blaNDM-1_prokka_out/batch2_21032019_ENT1079_Ctg2_len_91643_depth_2.11x_circ_blaNDM-1:batch2_21032019_ENT1079_Ctg2_len_916> (length 176)
batch2_21032019_ENT1079_Ctg2_len_91643_depth_2.11x_circ_blaNDM-1_prokka_out/batch2_21032019_ENT1079_Ctg2_len_91643_depth_2.11x_circ_blaNDM-1:batch2_21032019_ENT1079_Ctg2_len_916> (length 129)
batch2_21032019_ENT1079_Ctg2_len_91643_depth_2.11x_circ_blaNDM-1_prokka_out/batch2_21032019_ENT1079_Ctg2_len_91643_depth_2.11x_circ_blaNDM-1:batch2_21032019_ENT1079_Ctg2_len_916> (length 164)
batch2_21032019_ENT1079_Ctg2_len_91643_depth_2.11x_circ_blaNDM-1_prokka_out/batch2_21032019_ENT1079_Ctg2_len_91643_depth_2.11x_circ_blaNDM-1:batch2_21032019_ENT1079_Ctg2_len_916> (length 1016)
batch2_21032019_ENT1079_Ctg2_len_91643_depth_2.11x_circ_blaNDM-1_prokka_out/batch2_21032019_ENT1079_Ctg2_len_91643_depth_2.11x_circ_blaNDM-1:batch2_21032019_ENT1079_Ctg2_len_916> (length 402)
batch2_21032019_ENT1079_Ctg2_len_91643_depth_2.11x_circ_blaNDM-1_prokka_out/batch2_21032019_ENT1079_Ctg2_len_91643_depth_2.11x_circ_blaNDM-1:batch2_21032019_ENT1079_Ctg2_len_916> (length 216)
batch2_21032019_ENT1079_Ctg2_len_91643_depth_2.11x_circ_blaNDM-1_prokka_out/batch2_21032019_ENT1079_Ctg2_len_91643_depth_2.11x_circ_blaNDM-1:batch2_21032019_ENT1079_Ctg2_len_916> (length 726)
batch2_21032019_ENT1079_Ctg2_len_91643_depth_2.11x_circ_blaNDM-1_prokka_out/batch2_21032019_ENT1079_Ctg2_len_91643_depth_2.11x_circ_blaNDM-1:batch2_21032019_ENT1079_Ctg2_len_916> (length 217)
batch2_21032019_ENT1079_Ctg2_len_91643_depth_2.11x_circ_blaNDM-1_prokka_out/batch2_21032019_ENT1079_Ctg2_len_91643_depth_2.11x_circ_blaNDM-1:batch2_21032019_ENT1079_Ctg2_len_916> (length 76)

DiscRep_ALL:DISC_INCONSISTENT_MOLINFO_TECH::Molinfo Technique Report (some missing, all same)
DiscRep_SUB:DISC_INCONSISTENT_MOLINFO_TECH::technique (all missing)
DiscRep_SUB:DISC_INCONSISTENT_MOLINFO_TECH::1 Molinfos are missing field technique
batch2_21032019_ENT1079_Ctg2_len_91643_depth_2.11x_circ_blaNDM-1_prokka_out/batch2_21032019_ENT1079_Ctg2_len_91643_depth_2.11x_circ_blaNDM-1:batch2_21032019_ENT1079_Ctg2_len_916> (length 91643)

